#
# A fatal error has been detected by the Java Runtime Environment:
#
#  EXCEPTION_ACCESS_VIOLATION (0xc0000005) at pc=0x00007ffe9dd802ae, pid=8532, tid=6428
#
# JRE version: Java(TM) SE Runtime Environment (15.0.1+9) (build 15.0.1+9-18)
# Java VM: Java HotSpot(TM) 64-Bit Server VM (15.0.1+9-18, mixed mode, sharing, tiered, compressed oops, g1 gc, windows-amd64)
# Problematic frame:
# C  [awt.dll+0x902ae]
#
# No core dump will be written. Minidumps are not enabled by default on client versions of Windows
#
# If you would like to submit a bug report, please visit:
#   https://bugreport.java.com/bugreport/crash.jsp
# The crash happened outside the Java Virtual Machine in native code.
# See problematic frame for where to report the bug.
#

---------------  S U M M A R Y ------------

Command Line: -Dfile.encoding=UTF-8 --module-path=C:\Users\user\eclipse-workspace\Dentaku\bin -Djdk.module.main=dentaku dentaku/dentaku.Starter

Host: Intel(R) Core(TM) i5-4310U CPU @ 2.00GHz, 4 cores, 7G,  Windows 10 , 64 bit Build 18362 (10.0.18362.1110)
Time: Sun Jan  3 22:52:32 2021 ???? (?W?€??) elapsed time: 0.715682 seconds (0d 0h 0m 0s)

---------------  T H R E A D  ---------------

Current thread (0x000001d30b2618b0):  JavaThread "main" [_thread_in_native, id=6428, stack(0x0000003289400000,0x0000003289500000)]

Stack: [0x0000003289400000,0x0000003289500000],  sp=0x00000032894fe940,  free space=1018k
Native frames: (J=compiled Java code, j=interpreted, Vv=VM code, C=native code)
C  [awt.dll+0x902ae]

Java frames: (J=compiled Java code, j=interpreted, Vv=VM code)
j  sun.awt.windows.WComponentPeer._setFont(Ljava/awt/Font;)V+0 java.desktop@15.0.1
j  sun.awt.windows.WComponentPeer.setFont(Ljava/awt/Font;)V+7 java.desktop@15.0.1
j  sun.awt.windows.WWindowPeer.initialize()V+42 java.desktop@15.0.1
j  sun.awt.windows.WFramePeer.initialize()V+1 java.desktop@15.0.1
j  sun.awt.windows.WComponentPeer.<init>(Ljava/awt/Component;)V+83 java.desktop@15.0.1
j  sun.awt.windows.WCanvasPeer.<init>(Ljava/awt/Component;)V+2 java.desktop@15.0.1
j  sun.awt.windows.WPanelPeer.<init>(Ljava/awt/Component;)V+2 java.desktop@15.0.1
j  sun.awt.windows.WWindowPeer.<init>(Ljava/awt/Window;)V+2 java.desktop@15.0.1
j  sun.awt.windows.WFramePeer.<init>(Ljava/awt/Frame;)V+2 java.desktop@15.0.1
j  sun.awt.windows.WToolkit.createFrame(Ljava/awt/Frame;)Ljava/awt/peer/FramePeer;+5 java.desktop@15.0.1
j  java.awt.Frame.addNotify()V+20 java.desktop@15.0.1
j  java.awt.Window.show()V+8 java.desktop@15.0.1
j  java.awt.Component.show(Z)V+5 java.desktop@15.0.1
j  java.awt.Component.setVisible(Z)V+2 java.desktop@15.0.1
j  java.awt.Window.setVisible(Z)V+2 java.desktop@15.0.1
j  dentaku.Dentaku.<init>()V+395 dentaku
j  dentaku.Starter.main([Ljava/lang/String;)V+3 dentaku
v  ~StubRoutines::call_stub

siginfo: EXCEPTION_ACCESS_VIOLATION (0xc0000005), reading address 0x0000000000000058


Register to memory mapping:

RIP=0x00007ffe9dd802ae awt.dll
RAX=0x00007ffe9ddf17f0 awt.dll
RBX=0x000001d30b261bd8 points into unknown readable memory: 0x00007ffe9960de40 | 40 de 60 99 fe 7f 00 00
RCX=0x000001d32a3595b0 points into unknown readable memory: 0x00007ffe9ddf17f0 | f0 17 df 9d fe 7f 00 00
RDX=0x0 is NULL
RSP=0x00000032894fe940 is pointing into the stack for thread: 0x000001d30b2618b0
RBP=0x0 is NULL
RSI=0x000001d32a3712b0 is a global jni handle
RDI=0x000001d32a3712b8 is a global jni handle
R8 =0x0000000000000042 is an unknown value
R9 =0x0000000800b7a648 is a pointer to class: 
java.awt.Font {0x0000000800b7a650}
R10=0x0000000000008000 is an unknown value
R11=0x00000032894fe940 is pointing into the stack for thread: 0x000001d30b2618b0
R12=0x0 is NULL
R13={method} {0x000001d3296d75b8} '_setFont' '(Ljava/awt/Font;)V' in 'sun/awt/windows/WComponentPeer'
R14=0x000001d32a3595b0 points into unknown readable memory: 0x00007ffe9ddf17f0 | f0 17 df 9d fe 7f 00 00
R15=0x000001d32a3a3ef0 points into unknown readable memory: 0x000001d32a3712b0 | b0 12 37 2a d3 01 00 00


Registers:
RAX=0x00007ffe9ddf17f0, RBX=0x000001d30b261bd8, RCX=0x000001d32a3595b0, RDX=0x0000000000000000
RSP=0x00000032894fe940, RBP=0x0000000000000000, RSI=0x000001d32a3712b0, RDI=0x000001d32a3712b8
R8 =0x0000000000000042, R9 =0x0000000800b7a648, R10=0x0000000000008000, R11=0x00000032894fe940
R12=0x0000000000000000, R13=0x000001d3296d75b0, R14=0x000001d32a3595b0, R15=0x000001d32a3a3ef0
RIP=0x00007ffe9dd802ae, EFLAGS=0x0000000000010202

Top of Stack: (sp=0x00000032894fe940)
0x00000032894fe940:   000001d32a3a3ef0 000001d32a3595b0
0x00000032894fe950:   000001d32a3595b0 000001d32a3712b8
0x00000032894fe960:   000001d32a3712b8 00007ffe9dd85175
0x00000032894fe970:   000001d30b261bd8 000001d30b261bd8
0x00000032894fe980:   0000000000000000 000001d32a3712b0
0x00000032894fe990:   000001d30b2618b0 00000032894feac8
0x00000032894fe9a0:   000001d32a3a3ef0 00007ffe9ddbd191
0x00000032894fe9b0:   00007ffe9de28ff8 00000032894feaa0
0x00000032894fe9c0:   00007ffe9dd85048 000001d30b2618b0
0x00000032894fe9d0:   000001d32a3712b0 00007ffe9dd8630e
0x00000032894fe9e0:   000001d32a3712b8 00000032894feac0
0x00000032894fe9f0:   00000032894feac0 00007ffe9de28ff8
0x00000032894fea00:   000001d31349a1aa 000001d31349fd2c
0x00000032894fea10:   000001d3296d75b0 0000000000000000
0x00000032894fea20:   000001d31349a1aa 000001d31349f912
0x00000032894fea30:   000001d3296d75b0 0000000000000000 

Instructions: (pc=0x00007ffe9dd802ae)
0x00007ffe9dd801ae:   00 48 8b d9 e8 9d dc ff ff 48 8b f8 48 85 c0 75
0x00007ffe9dd801be:   04 48 8b 7b 48 48 8b cf e8 3f 04 05 00 48 8b d8
0x00007ffe9dd801ce:   48 85 c0 74 60 83 64 24 20 00 0f 57 c0 83 64 24
0x00007ffe9dd801de:   34 00 b9 11 00 00 00 83 64 24 38 00 f3 0f 7f 44
0x00007ffe9dd801ee:   24 24 ff 15 12 51 0a 00 4c 8d 44 24 40 ba 5c 00
0x00007ffe9dd801fe:   00 00 48 8b c8 ff 15 b7 53 0a 00 83 f8 5c 75 0d
0x00007ffe9dd8020e:   48 8d 54 24 40 48 8b cb e8 9e 04 05 00 48 8d 54
0x00007ffe9dd8021e:   24 20 48 8b cb e8 b5 04 05 00 48 8b d3 48 8b cf
0x00007ffe9dd8022e:   e8 62 04 05 00 48 8b 8c 24 a0 00 00 00 48 33 cc
0x00007ffe9dd8023e:   e8 ad 11 05 00 48 8b 9c 24 c8 00 00 00 48 81 c4
0x00007ffe9dd8024e:   b0 00 00 00 5f c3 40 53 48 83 ec 20 48 8b d9 ff
0x00007ffe9dd8025e:   15 f5 58 0a 00 48 85 c0 75 0a 48 8b 4b 48 ff 15
0x00007ffe9dd8026e:   de 58 0a 00 48 83 c4 20 5b c3 4c 63 c2 48 8b 15
0x00007ffe9dd8027e:   c6 3c 0a 00 48 ff 25 6f 57 0a 00 cc cc cc 48 8b
0x00007ffe9dd8028e:   d1 48 8b 0d 9a 6c 0a 00 48 89 15 93 6c 0a 00 e9
0x00007ffe9dd8029e:   8a 51 04 00 cc cc 48 89 5c 24 08 57 48 83 ec 20
0x00007ffe9dd802ae:   83 7a 58 00 48 8b da 48 8b f9 7d 08 48 8b ca e8
0x00007ffe9dd802be:   f2 8b 01 00 4c 8b 43 48 45 33 c9 48 8b 4f 48 4d
0x00007ffe9dd802ce:   8b 00 41 8d 51 30 ff 15 e6 59 0a 00 48 8b 4f 48
0x00007ffe9dd802de:   33 d2 44 8d 42 01 48 8b 5c 24 30 48 83 c4 20 5f
0x00007ffe9dd802ee:   48 ff 25 83 58 0a 00 cc cc cc 48 8b c4 48 89 58
0x00007ffe9dd802fe:   08 48 89 68 10 48 89 70 18 48 89 78 20 41 56 48
0x00007ffe9dd8030e:   83 ec 20 4c 8b f2 48 8b f9 48 8b 0d da 8a 0a 00
0x00007ffe9dd8031e:   ba 02 00 01 00 41 8b e8 e8 c8 0f 05 00 48 8b 97
0x00007ffe9dd8032e:   c0 00 00 00 33 db 48 8b f0 48 85 d2 74 0d 4c 8b
0x00007ffe9dd8033e:   08 48 8b c8 41 ff 91 b0 00 00 00 4d 85 f6 74 14
0x00007ffe9dd8034e:   48 8b 06 49 8b d6 48 8b ce ff 90 a8 00 00 00 48
0x00007ffe9dd8035e:   8b d8 eb 05 bd 01 00 00 00 48 89 9f c0 00 00 00
0x00007ffe9dd8036e:   89 af c8 00 00 00 48 8b 5c 24 30 48 8b 6c 24 38
0x00007ffe9dd8037e:   48 8b 74 24 40 48 8b 7c 24 48 48 83 c4 20 41 5e
0x00007ffe9dd8038e:   c3 cc 48 89 5c 24 08 48 89 6c 24 10 48 89 74 24
0x00007ffe9dd8039e:   18 57 48 83 ec 20 33 db 48 8b f9 48 85 c9 75 09 


Stack slot to memory mapping:
stack at sp + 0 slots: 0x000001d32a3a3ef0 points into unknown readable memory: 0x000001d32a3712b0 | b0 12 37 2a d3 01 00 00
stack at sp + 1 slots: 0x000001d32a3595b0 points into unknown readable memory: 0x00007ffe9ddf17f0 | f0 17 df 9d fe 7f 00 00
stack at sp + 2 slots: 0x000001d32a3595b0 points into unknown readable memory: 0x00007ffe9ddf17f0 | f0 17 df 9d fe 7f 00 00
stack at sp + 3 slots: 0x000001d32a3712b8 is a global jni handle
stack at sp + 4 slots: 0x000001d32a3712b8 is a global jni handle
stack at sp + 5 slots: 0x00007ffe9dd85175 awt.dll
stack at sp + 6 slots: 0x000001d30b261bd8 points into unknown readable memory: 0x00007ffe9960de40 | 40 de 60 99 fe 7f 00 00
stack at sp + 7 slots: 0x000001d30b261bd8 points into unknown readable memory: 0x00007ffe9960de40 | 40 de 60 99 fe 7f 00 00


---------------  P R O C E S S  ---------------

Threads class SMR info:
_java_thread_list=0x000001d32a381500, length=15, elements={
0x000001d30b2618b0, 0x000001d3294dfff0, 0x000001d3294e8c10, 0x000001d3294eb800,
0x000001d3294fcbc0, 0x000001d3294fe680, 0x000001d3294ff460, 0x000001d32954e6a0,
0x000001d329e1d560, 0x000001d329e836e0, 0x000001d32a00c590, 0x000001d329f672d0,
0x000001d32a2e2010, 0x000001d32a1ed8d0, 0x000001d32a3ab7e0
}

Java Threads: ( => current thread )
=>0x000001d30b2618b0 JavaThread "main" [_thread_in_native, id=6428, stack(0x0000003289400000,0x0000003289500000)]
  0x000001d3294dfff0 JavaThread "Reference Handler" daemon [_thread_blocked, id=5212, stack(0x0000003289b00000,0x0000003289c00000)]
  0x000001d3294e8c10 JavaThread "Finalizer" daemon [_thread_blocked, id=11684, stack(0x0000003289c00000,0x0000003289d00000)]
  0x000001d3294eb800 JavaThread "Signal Dispatcher" daemon [_thread_blocked, id=13188, stack(0x0000003289d00000,0x0000003289e00000)]
  0x000001d3294fcbc0 JavaThread "Attach Listener" daemon [_thread_blocked, id=14044, stack(0x0000003289e00000,0x0000003289f00000)]
  0x000001d3294fe680 JavaThread "Service Thread" daemon [_thread_blocked, id=15096, stack(0x0000003289f00000,0x000000328a000000)]
  0x000001d3294ff460 JavaThread "C2 CompilerThread0" daemon [_thread_blocked, id=5372, stack(0x000000328a000000,0x000000328a100000)]
  0x000001d32954e6a0 JavaThread "C1 CompilerThread0" daemon [_thread_blocked, id=12172, stack(0x000000328a100000,0x000000328a200000)]
  0x000001d329e1d560 JavaThread "Sweeper thread" daemon [_thread_blocked, id=6564, stack(0x000000328a200000,0x000000328a300000)]
  0x000001d329e836e0 JavaThread "Common-Cleaner" daemon [_thread_blocked, id=10484, stack(0x000000328a300000,0x000000328a400000)]
  0x000001d32a00c590 JavaThread "Notification Thread" daemon [_thread_blocked, id=15028, stack(0x000000328a400000,0x000000328a500000)]
  0x000001d329f672d0 JavaThread "Java2D Disposer" daemon [_thread_blocked, id=4204, stack(0x000000328a600000,0x000000328a700000)]
  0x000001d32a2e2010 JavaThread "AWT-Shutdown" [_thread_blocked, id=13968, stack(0x000000328a700000,0x000000328a800000)]
  0x000001d32a1ed8d0 JavaThread "AWT-Windows" daemon [_thread_in_native, id=8548, stack(0x000000328a800000,0x000000328a900000)]
  0x000001d32a3ab7e0 JavaThread "AWT-EventQueue-0" [_thread_blocked, id=9944, stack(0x000000328a900000,0x000000328aa00000)]

Other Threads:
  0x000001d3294da340 VMThread "VM Thread" [stack: 0x0000003289a00000,0x0000003289b00000] [id=9292]
  0x000001d30b262170 WatcherThread [stack: 0x000000328a500000,0x000000328a600000] [id=6524]
  0x000001d30b2a12d0 GCTaskThread "GC Thread#0" [stack: 0x0000003289500000,0x0000003289600000] [id=1216]
  0x000001d30b2b2b00 ConcurrentGCThread "G1 Main Marker" [stack: 0x0000003289600000,0x0000003289700000] [id=11568]
  0x000001d30b2b3770 ConcurrentGCThread "G1 Conc#0" [stack: 0x0000003289700000,0x0000003289800000] [id=11988]
  0x000001d30b322d50 ConcurrentGCThread "G1 Refine#0" [stack: 0x0000003289800000,0x0000003289900000] [id=5604]
  0x000001d30b3239d0 ConcurrentGCThread "G1 Young RemSet Sampling" [stack: 0x0000003289900000,0x0000003289a00000] [id=11092]

Threads with active compile tasks:

VM state: not at safepoint (normal execution)

VM Mutex/Monitor currently owned by a thread: None

Heap address: 0x0000000081200000, size: 2030 MB, Compressed Oops mode: 32-bit
CDS archive(s) mapped at: [0x0000000800000000-0x0000000800b50000-0x0000000800b50000), size 11862016, SharedBaseAddress: 0x0000000800000000, ArchiveRelocationMode: 0.
Compressed class space mapped at: 0x0000000800b50000-0x0000000840b50000, size: 1073741824
Narrow klass base: 0x0000000800000000, Narrow klass shift: 3, Narrow klass range: 0x100000000

GC Precious Log:
 CPUs: 4 total, 4 available
 Memory: 8117M
 Large Page Support: Disabled
 NUMA Support: Disabled
 Compressed Oops: Enabled (32-bit)
 Heap Region Size: 1M
 Heap Min Capacity: 8M
 Heap Initial Capacity: 128M
 Heap Max Capacity: 2030M
 Pre-touch: Disabled
 Parallel Workers: 4
 Concurrent Workers: 1
 Concurrent Refinement Workers: 4
 Periodic GC: Disabled

Heap:
 garbage-first heap   total 131072K, used 5120K [0x0000000081200000, 0x0000000100000000)
  region size 1024K, 6 young (6144K), 0 survivors (0K)
 Metaspace       used 6984K, capacity 7082K, committed 7296K, reserved 1056768K
  class space    used 806K, capacity 864K, committed 896K, reserved 1048576K

Heap Regions: E=young(eden), S=young(survivor), O=old, HS=humongous(starts), HC=humongous(continues), CS=collection set, F=free, OA=open archive, CA=closed archive, TAMS=top-at-mark-start (previous, next)
|   0|0x0000000081200000, 0x0000000081200000, 0x0000000081300000|  0%| F|  |TAMS 0x0000000081200000, 0x0000000081200000| Untracked 
|   1|0x0000000081300000, 0x0000000081300000, 0x0000000081400000|  0%| F|  |TAMS 0x0000000081300000, 0x0000000081300000| Untracked 
|   2|0x0000000081400000, 0x0000000081400000, 0x0000000081500000|  0%| F|  |TAMS 0x0000000081400000, 0x0000000081400000| Untracked 
|   3|0x0000000081500000, 0x0000000081500000, 0x0000000081600000|  0%| F|  |TAMS 0x0000000081500000, 0x0000000081500000| Untracked 
|   4|0x0000000081600000, 0x0000000081600000, 0x0000000081700000|  0%| F|  |TAMS 0x0000000081600000, 0x0000000081600000| Untracked 
|   5|0x0000000081700000, 0x0000000081700000, 0x0000000081800000|  0%| F|  |TAMS 0x0000000081700000, 0x0000000081700000| Untracked 
|   6|0x0000000081800000, 0x0000000081800000, 0x0000000081900000|  0%| F|  |TAMS 0x0000000081800000, 0x0000000081800000| Untracked 
|   7|0x0000000081900000, 0x0000000081900000, 0x0000000081a00000|  0%| F|  |TAMS 0x0000000081900000, 0x0000000081900000| Untracked 
|   8|0x0000000081a00000, 0x0000000081a00000, 0x0000000081b00000|  0%| F|  |TAMS 0x0000000081a00000, 0x0000000081a00000| Untracked 
|   9|0x0000000081b00000, 0x0000000081b00000, 0x0000000081c00000|  0%| F|  |TAMS 0x0000000081b00000, 0x0000000081b00000| Untracked 
|  10|0x0000000081c00000, 0x0000000081c00000, 0x0000000081d00000|  0%| F|  |TAMS 0x0000000081c00000, 0x0000000081c00000| Untracked 
|  11|0x0000000081d00000, 0x0000000081d00000, 0x0000000081e00000|  0%| F|  |TAMS 0x0000000081d00000, 0x0000000081d00000| Untracked 
|  12|0x0000000081e00000, 0x0000000081e00000, 0x0000000081f00000|  0%| F|  |TAMS 0x0000000081e00000, 0x0000000081e00000| Untracked 
|  13|0x0000000081f00000, 0x0000000081f00000, 0x0000000082000000|  0%| F|  |TAMS 0x0000000081f00000, 0x0000000081f00000| Untracked 
|  14|0x0000000082000000, 0x0000000082000000, 0x0000000082100000|  0%| F|  |TAMS 0x0000000082000000, 0x0000000082000000| Untracked 
|  15|0x0000000082100000, 0x0000000082100000, 0x0000000082200000|  0%| F|  |TAMS 0x0000000082100000, 0x0000000082100000| Untracked 
|  16|0x0000000082200000, 0x0000000082200000, 0x0000000082300000|  0%| F|  |TAMS 0x0000000082200000, 0x0000000082200000| Untracked 
|  17|0x0000000082300000, 0x0000000082300000, 0x0000000082400000|  0%| F|  |TAMS 0x0000000082300000, 0x0000000082300000| Untracked 
|  18|0x0000000082400000, 0x0000000082400000, 0x0000000082500000|  0%| F|  |TAMS 0x0000000082400000, 0x0000000082400000| Untracked 
|  19|0x0000000082500000, 0x0000000082500000, 0x0000000082600000|  0%| F|  |TAMS 0x0000000082500000, 0x0000000082500000| Untracked 
|  20|0x0000000082600000, 0x0000000082600000, 0x0000000082700000|  0%| F|  |TAMS 0x0000000082600000, 0x0000000082600000| Untracked 
|  21|0x0000000082700000, 0x0000000082700000, 0x0000000082800000|  0%| F|  |TAMS 0x0000000082700000, 0x0000000082700000| Untracked 
|  22|0x0000000082800000, 0x0000000082800000, 0x0000000082900000|  0%| F|  |TAMS 0x0000000082800000, 0x0000000082800000| Untracked 
|  23|0x0000000082900000, 0x0000000082900000, 0x0000000082a00000|  0%| F|  |TAMS 0x0000000082900000, 0x0000000082900000| Untracked 
|  24|0x0000000082a00000, 0x0000000082a00000, 0x0000000082b00000|  0%| F|  |TAMS 0x0000000082a00000, 0x0000000082a00000| Untracked 
|  25|0x0000000082b00000, 0x0000000082b00000, 0x0000000082c00000|  0%| F|  |TAMS 0x0000000082b00000, 0x0000000082b00000| Untracked 
|  26|0x0000000082c00000, 0x0000000082c00000, 0x0000000082d00000|  0%| F|  |TAMS 0x0000000082c00000, 0x0000000082c00000| Untracked 
|  27|0x0000000082d00000, 0x0000000082d00000, 0x0000000082e00000|  0%| F|  |TAMS 0x0000000082d00000, 0x0000000082d00000| Untracked 
|  28|0x0000000082e00000, 0x0000000082e00000, 0x0000000082f00000|  0%| F|  |TAMS 0x0000000082e00000, 0x0000000082e00000| Untracked 
|  29|0x0000000082f00000, 0x0000000082f00000, 0x0000000083000000|  0%| F|  |TAMS 0x0000000082f00000, 0x0000000082f00000| Untracked 
|  30|0x0000000083000000, 0x0000000083000000, 0x0000000083100000|  0%| F|  |TAMS 0x0000000083000000, 0x0000000083000000| Untracked 
|  31|0x0000000083100000, 0x0000000083100000, 0x0000000083200000|  0%| F|  |TAMS 0x0000000083100000, 0x0000000083100000| Untracked 
|  32|0x0000000083200000, 0x0000000083200000, 0x0000000083300000|  0%| F|  |TAMS 0x0000000083200000, 0x0000000083200000| Untracked 
|  33|0x0000000083300000, 0x0000000083300000, 0x0000000083400000|  0%| F|  |TAMS 0x0000000083300000, 0x0000000083300000| Untracked 
|  34|0x0000000083400000, 0x0000000083400000, 0x0000000083500000|  0%| F|  |TAMS 0x0000000083400000, 0x0000000083400000| Untracked 
|  35|0x0000000083500000, 0x0000000083500000, 0x0000000083600000|  0%| F|  |TAMS 0x0000000083500000, 0x0000000083500000| Untracked 
|  36|0x0000000083600000, 0x0000000083600000, 0x0000000083700000|  0%| F|  |TAMS 0x0000000083600000, 0x0000000083600000| Untracked 
|  37|0x0000000083700000, 0x0000000083700000, 0x0000000083800000|  0%| F|  |TAMS 0x0000000083700000, 0x0000000083700000| Untracked 
|  38|0x0000000083800000, 0x0000000083800000, 0x0000000083900000|  0%| F|  |TAMS 0x0000000083800000, 0x0000000083800000| Untracked 
|  39|0x0000000083900000, 0x0000000083900000, 0x0000000083a00000|  0%| F|  |TAMS 0x0000000083900000, 0x0000000083900000| Untracked 
|  40|0x0000000083a00000, 0x0000000083a00000, 0x0000000083b00000|  0%| F|  |TAMS 0x0000000083a00000, 0x0000000083a00000| Untracked 
|  41|0x0000000083b00000, 0x0000000083b00000, 0x0000000083c00000|  0%| F|  |TAMS 0x0000000083b00000, 0x0000000083b00000| Untracked 
|  42|0x0000000083c00000, 0x0000000083c00000, 0x0000000083d00000|  0%| F|  |TAMS 0x0000000083c00000, 0x0000000083c00000| Untracked 
|  43|0x0000000083d00000, 0x0000000083d00000, 0x0000000083e00000|  0%| F|  |TAMS 0x0000000083d00000, 0x0000000083d00000| Untracked 
|  44|0x0000000083e00000, 0x0000000083e00000, 0x0000000083f00000|  0%| F|  |TAMS 0x0000000083e00000, 0x0000000083e00000| Untracked 
|  45|0x0000000083f00000, 0x0000000083f00000, 0x0000000084000000|  0%| F|  |TAMS 0x0000000083f00000, 0x0000000083f00000| Untracked 
|  46|0x0000000084000000, 0x0000000084000000, 0x0000000084100000|  0%| F|  |TAMS 0x0000000084000000, 0x0000000084000000| Untracked 
|  47|0x0000000084100000, 0x0000000084100000, 0x0000000084200000|  0%| F|  |TAMS 0x0000000084100000, 0x0000000084100000| Untracked 
|  48|0x0000000084200000, 0x0000000084200000, 0x0000000084300000|  0%| F|  |TAMS 0x0000000084200000, 0x0000000084200000| Untracked 
|  49|0x0000000084300000, 0x0000000084300000, 0x0000000084400000|  0%| F|  |TAMS 0x0000000084300000, 0x0000000084300000| Untracked 
|  50|0x0000000084400000, 0x0000000084400000, 0x0000000084500000|  0%| F|  |TAMS 0x0000000084400000, 0x0000000084400000| Untracked 
|  51|0x0000000084500000, 0x0000000084500000, 0x0000000084600000|  0%| F|  |TAMS 0x0000000084500000, 0x0000000084500000| Untracked 
|  52|0x0000000084600000, 0x0000000084600000, 0x0000000084700000|  0%| F|  |TAMS 0x0000000084600000, 0x0000000084600000| Untracked 
|  53|0x0000000084700000, 0x0000000084700000, 0x0000000084800000|  0%| F|  |TAMS 0x0000000084700000, 0x0000000084700000| Untracked 
|  54|0x0000000084800000, 0x0000000084800000, 0x0000000084900000|  0%| F|  |TAMS 0x0000000084800000, 0x0000000084800000| Untracked 
|  55|0x0000000084900000, 0x0000000084900000, 0x0000000084a00000|  0%| F|  |TAMS 0x0000000084900000, 0x0000000084900000| Untracked 
|  56|0x0000000084a00000, 0x0000000084a00000, 0x0000000084b00000|  0%| F|  |TAMS 0x0000000084a00000, 0x0000000084a00000| Untracked 
|  57|0x0000000084b00000, 0x0000000084b00000, 0x0000000084c00000|  0%| F|  |TAMS 0x0000000084b00000, 0x0000000084b00000| Untracked 
|  58|0x0000000084c00000, 0x0000000084c00000, 0x0000000084d00000|  0%| F|  |TAMS 0x0000000084c00000, 0x0000000084c00000| Untracked 
|  59|0x0000000084d00000, 0x0000000084d00000, 0x0000000084e00000|  0%| F|  |TAMS 0x0000000084d00000, 0x0000000084d00000| Untracked 
|  60|0x0000000084e00000, 0x0000000084e00000, 0x0000000084f00000|  0%| F|  |TAMS 0x0000000084e00000, 0x0000000084e00000| Untracked 
|  61|0x0000000084f00000, 0x0000000084f00000, 0x0000000085000000|  0%| F|  |TAMS 0x0000000084f00000, 0x0000000084f00000| Untracked 
|  62|0x0000000085000000, 0x0000000085000000, 0x0000000085100000|  0%| F|  |TAMS 0x0000000085000000, 0x0000000085000000| Untracked 
|  63|0x0000000085100000, 0x0000000085100000, 0x0000000085200000|  0%| F|  |TAMS 0x0000000085100000, 0x0000000085100000| Untracked 
|  64|0x0000000085200000, 0x0000000085200000, 0x0000000085300000|  0%| F|  |TAMS 0x0000000085200000, 0x0000000085200000| Untracked 
|  65|0x0000000085300000, 0x0000000085300000, 0x0000000085400000|  0%| F|  |TAMS 0x0000000085300000, 0x0000000085300000| Untracked 
|  66|0x0000000085400000, 0x0000000085400000, 0x0000000085500000|  0%| F|  |TAMS 0x0000000085400000, 0x0000000085400000| Untracked 
|  67|0x0000000085500000, 0x0000000085500000, 0x0000000085600000|  0%| F|  |TAMS 0x0000000085500000, 0x0000000085500000| Untracked 
|  68|0x0000000085600000, 0x0000000085600000, 0x0000000085700000|  0%| F|  |TAMS 0x0000000085600000, 0x0000000085600000| Untracked 
|  69|0x0000000085700000, 0x0000000085700000, 0x0000000085800000|  0%| F|  |TAMS 0x0000000085700000, 0x0000000085700000| Untracked 
|  70|0x0000000085800000, 0x0000000085800000, 0x0000000085900000|  0%| F|  |TAMS 0x0000000085800000, 0x0000000085800000| Untracked 
|  71|0x0000000085900000, 0x0000000085900000, 0x0000000085a00000|  0%| F|  |TAMS 0x0000000085900000, 0x0000000085900000| Untracked 
|  72|0x0000000085a00000, 0x0000000085a00000, 0x0000000085b00000|  0%| F|  |TAMS 0x0000000085a00000, 0x0000000085a00000| Untracked 
|  73|0x0000000085b00000, 0x0000000085b00000, 0x0000000085c00000|  0%| F|  |TAMS 0x0000000085b00000, 0x0000000085b00000| Untracked 
|  74|0x0000000085c00000, 0x0000000085c00000, 0x0000000085d00000|  0%| F|  |TAMS 0x0000000085c00000, 0x0000000085c00000| Untracked 
|  75|0x0000000085d00000, 0x0000000085d00000, 0x0000000085e00000|  0%| F|  |TAMS 0x0000000085d00000, 0x0000000085d00000| Untracked 
|  76|0x0000000085e00000, 0x0000000085e00000, 0x0000000085f00000|  0%| F|  |TAMS 0x0000000085e00000, 0x0000000085e00000| Untracked 
|  77|0x0000000085f00000, 0x0000000085f00000, 0x0000000086000000|  0%| F|  |TAMS 0x0000000085f00000, 0x0000000085f00000| Untracked 
|  78|0x0000000086000000, 0x0000000086000000, 0x0000000086100000|  0%| F|  |TAMS 0x0000000086000000, 0x0000000086000000| Untracked 
|  79|0x0000000086100000, 0x0000000086100000, 0x0000000086200000|  0%| F|  |TAMS 0x0000000086100000, 0x0000000086100000| Untracked 
|  80|0x0000000086200000, 0x0000000086200000, 0x0000000086300000|  0%| F|  |TAMS 0x0000000086200000, 0x0000000086200000| Untracked 
|  81|0x0000000086300000, 0x0000000086300000, 0x0000000086400000|  0%| F|  |TAMS 0x0000000086300000, 0x0000000086300000| Untracked 
|  82|0x0000000086400000, 0x0000000086400000, 0x0000000086500000|  0%| F|  |TAMS 0x0000000086400000, 0x0000000086400000| Untracked 
|  83|0x0000000086500000, 0x0000000086500000, 0x0000000086600000|  0%| F|  |TAMS 0x0000000086500000, 0x0000000086500000| Untracked 
|  84|0x0000000086600000, 0x0000000086600000, 0x0000000086700000|  0%| F|  |TAMS 0x0000000086600000, 0x0000000086600000| Untracked 
|  85|0x0000000086700000, 0x0000000086700000, 0x0000000086800000|  0%| F|  |TAMS 0x0000000086700000, 0x0000000086700000| Untracked 
|  86|0x0000000086800000, 0x0000000086800000, 0x0000000086900000|  0%| F|  |TAMS 0x0000000086800000, 0x0000000086800000| Untracked 
|  87|0x0000000086900000, 0x0000000086900000, 0x0000000086a00000|  0%| F|  |TAMS 0x0000000086900000, 0x0000000086900000| Untracked 
|  88|0x0000000086a00000, 0x0000000086a00000, 0x0000000086b00000|  0%| F|  |TAMS 0x0000000086a00000, 0x0000000086a00000| Untracked 
|  89|0x0000000086b00000, 0x0000000086b00000, 0x0000000086c00000|  0%| F|  |TAMS 0x0000000086b00000, 0x0000000086b00000| Untracked 
|  90|0x0000000086c00000, 0x0000000086c00000, 0x0000000086d00000|  0%| F|  |TAMS 0x0000000086c00000, 0x0000000086c00000| Untracked 
|  91|0x0000000086d00000, 0x0000000086d00000, 0x0000000086e00000|  0%| F|  |TAMS 0x0000000086d00000, 0x0000000086d00000| Untracked 
|  92|0x0000000086e00000, 0x0000000086e00000, 0x0000000086f00000|  0%| F|  |TAMS 0x0000000086e00000, 0x0000000086e00000| Untracked 
|  93|0x0000000086f00000, 0x0000000086f00000, 0x0000000087000000|  0%| F|  |TAMS 0x0000000086f00000, 0x0000000086f00000| Untracked 
|  94|0x0000000087000000, 0x0000000087000000, 0x0000000087100000|  0%| F|  |TAMS 0x0000000087000000, 0x0000000087000000| Untracked 
|  95|0x0000000087100000, 0x0000000087100000, 0x0000000087200000|  0%| F|  |TAMS 0x0000000087100000, 0x0000000087100000| Untracked 
|  96|0x0000000087200000, 0x0000000087200000, 0x0000000087300000|  0%| F|  |TAMS 0x0000000087200000, 0x0000000087200000| Untracked 
|  97|0x0000000087300000, 0x0000000087300000, 0x0000000087400000|  0%| F|  |TAMS 0x0000000087300000, 0x0000000087300000| Untracked 
|  98|0x0000000087400000, 0x0000000087400000, 0x0000000087500000|  0%| F|  |TAMS 0x0000000087400000, 0x0000000087400000| Untracked 
|  99|0x0000000087500000, 0x0000000087500000, 0x0000000087600000|  0%| F|  |TAMS 0x0000000087500000, 0x0000000087500000| Untracked 
| 100|0x0000000087600000, 0x0000000087600000, 0x0000000087700000|  0%| F|  |TAMS 0x0000000087600000, 0x0000000087600000| Untracked 
| 101|0x0000000087700000, 0x0000000087700000, 0x0000000087800000|  0%| F|  |TAMS 0x0000000087700000, 0x0000000087700000| Untracked 
| 102|0x0000000087800000, 0x0000000087800000, 0x0000000087900000|  0%| F|  |TAMS 0x0000000087800000, 0x0000000087800000| Untracked 
| 103|0x0000000087900000, 0x0000000087900000, 0x0000000087a00000|  0%| F|  |TAMS 0x0000000087900000, 0x0000000087900000| Untracked 
| 104|0x0000000087a00000, 0x0000000087a00000, 0x0000000087b00000|  0%| F|  |TAMS 0x0000000087a00000, 0x0000000087a00000| Untracked 
| 105|0x0000000087b00000, 0x0000000087b00000, 0x0000000087c00000|  0%| F|  |TAMS 0x0000000087b00000, 0x0000000087b00000| Untracked 
| 106|0x0000000087c00000, 0x0000000087c00000, 0x0000000087d00000|  0%| F|  |TAMS 0x0000000087c00000, 0x0000000087c00000| Untracked 
| 107|0x0000000087d00000, 0x0000000087d00000, 0x0000000087e00000|  0%| F|  |TAMS 0x0000000087d00000, 0x0000000087d00000| Untracked 
| 108|0x0000000087e00000, 0x0000000087e00000, 0x0000000087f00000|  0%| F|  |TAMS 0x0000000087e00000, 0x0000000087e00000| Untracked 
| 109|0x0000000087f00000, 0x0000000087f00000, 0x0000000088000000|  0%| F|  |TAMS 0x0000000087f00000, 0x0000000087f00000| Untracked 
| 110|0x0000000088000000, 0x0000000088000000, 0x0000000088100000|  0%| F|  |TAMS 0x0000000088000000, 0x0000000088000000| Untracked 
| 111|0x0000000088100000, 0x0000000088100000, 0x0000000088200000|  0%| F|  |TAMS 0x0000000088100000, 0x0000000088100000| Untracked 
| 112|0x0000000088200000, 0x0000000088200000, 0x0000000088300000|  0%| F|  |TAMS 0x0000000088200000, 0x0000000088200000| Untracked 
| 113|0x0000000088300000, 0x0000000088300000, 0x0000000088400000|  0%| F|  |TAMS 0x0000000088300000, 0x0000000088300000| Untracked 
| 114|0x0000000088400000, 0x0000000088400000, 0x0000000088500000|  0%| F|  |TAMS 0x0000000088400000, 0x0000000088400000| Untracked 
| 115|0x0000000088500000, 0x0000000088500000, 0x0000000088600000|  0%| F|  |TAMS 0x0000000088500000, 0x0000000088500000| Untracked 
| 116|0x0000000088600000, 0x0000000088600000, 0x0000000088700000|  0%| F|  |TAMS 0x0000000088600000, 0x0000000088600000| Untracked 
| 117|0x0000000088700000, 0x0000000088700000, 0x0000000088800000|  0%| F|  |TAMS 0x0000000088700000, 0x0000000088700000| Untracked 
| 118|0x0000000088800000, 0x0000000088800000, 0x0000000088900000|  0%| F|  |TAMS 0x0000000088800000, 0x0000000088800000| Untracked 
| 119|0x0000000088900000, 0x0000000088900000, 0x0000000088a00000|  0%| F|  |TAMS 0x0000000088900000, 0x0000000088900000| Untracked 
| 120|0x0000000088a00000, 0x0000000088a00000, 0x0000000088b00000|  0%| F|  |TAMS 0x0000000088a00000, 0x0000000088a00000| Untracked 
| 121|0x0000000088b00000, 0x0000000088b00000, 0x0000000088c00000|  0%| F|  |TAMS 0x0000000088b00000, 0x0000000088b00000| Untracked 
| 122|0x0000000088c00000, 0x0000000088c43110, 0x0000000088d00000| 26%| E|  |TAMS 0x0000000088c00000, 0x0000000088c00000| Complete 
| 123|0x0000000088d00000, 0x0000000088e00000, 0x0000000088e00000|100%| E|CS|TAMS 0x0000000088d00000, 0x0000000088d00000| Complete 
| 124|0x0000000088e00000, 0x0000000088f00000, 0x0000000088f00000|100%| E|CS|TAMS 0x0000000088e00000, 0x0000000088e00000| Complete 
| 125|0x0000000088f00000, 0x0000000089000000, 0x0000000089000000|100%| E|CS|TAMS 0x0000000088f00000, 0x0000000088f00000| Complete 
| 126|0x0000000089000000, 0x0000000089100000, 0x0000000089100000|100%| E|CS|TAMS 0x0000000089000000, 0x0000000089000000| Complete 
| 127|0x0000000089100000, 0x0000000089200000, 0x0000000089200000|100%| E|CS|TAMS 0x0000000089100000, 0x0000000089100000| Complete 

Card table byte_map: [0x000001d322890000,0x000001d322c90000] _byte_map_base: 0x000001d322487000

Marking Bits (Prev, Next): (CMBitMap*) 0x000001d30b2a1b40, (CMBitMap*) 0x000001d30b2a1b80
 Prev Bits: [0x000001d323090000, 0x000001d325048000)
 Next Bits: [0x000001d325050000, 0x000001d327008000)

Polling page: 0x000001d309130000

Metaspace:

Usage:
  Non-class:      6.07 MB capacity,     6.03 MB (>99%) used,    29.71 KB ( <1%) free+waste,     9.69 KB ( <1%) overhead. 
      Class:    864.00 KB capacity,   806.35 KB ( 93%) used,    53.09 KB (  6%) free+waste,     4.56 KB ( <1%) overhead. 
       Both:      6.92 MB capacity,     6.82 MB ( 99%) used,    82.80 KB (  1%) free+waste,    14.25 KB ( <1%) overhead. 

Virtual space:
  Non-class space:        8.00 MB reserved,       6.25 MB ( 78%) committed 
      Class space:        1.00 GB reserved,     896.00 KB ( <1%) committed 
             Both:        1.01 GB reserved,       7.13 MB ( <1%) committed 

Chunk freelists:
   Non-Class:  0 bytes
       Class:  0 bytes
        Both:  0 bytes

MaxMetaspaceSize: 17179869184.00 GB
CompressedClassSpaceSize: 1.00 GB

CodeHeap 'non-profiled nmethods': size=120000Kb used=167Kb max_used=167Kb free=119832Kb
 bounds [0x000001d31af60000, 0x000001d31b1d0000, 0x000001d322490000]
CodeHeap 'profiled nmethods': size=120000Kb used=922Kb max_used=922Kb free=119077Kb
 bounds [0x000001d313a30000, 0x000001d313ca0000, 0x000001d31af60000]
CodeHeap 'non-nmethods': size=5760Kb used=1237Kb max_used=1252Kb free=4522Kb
 bounds [0x000001d313490000, 0x000001d313700000, 0x000001d313a30000]
 total_blobs=1135 nmethods=616 adapters=432
 compilation: enabled
              stopped_count=0, restarted_count=0
 full_count=0

Compilation events (20 events):
Event: 0.696 Thread 0x000001d3294ff460  601       4       java.lang.ref.Reference::reachabilityFence (1 bytes)
Event: 0.697 Thread 0x000001d3294ff460 nmethod 601 0x000001d31af88f90 code [0x000001d31af89100, 0x000001d31af89138]
Event: 0.697 Thread 0x000001d32954e6a0  602       3       java.util.Arrays::copyOf (10 bytes)
Event: 0.697 Thread 0x000001d32954e6a0 nmethod 602 0x000001d313b0b910 code [0x000001d313b0bac0, 0x000001d313b0bc08]
Event: 0.697 Thread 0x000001d32954e6a0  603       3       java.lang.invoke.LambdaForm::forceInterpretation (14 bytes)
Event: 0.698 Thread 0x000001d32954e6a0 nmethod 603 0x000001d313b0bd10 code [0x000001d313b0bea0, 0x000001d313b0bff8]
Event: 0.698 Thread 0x000001d32954e6a0  604       3       jdk.internal.org.objectweb.asm.Frame::push (59 bytes)
Event: 0.698 Thread 0x000001d32954e6a0 nmethod 604 0x000001d313b0c090 code [0x000001d313b0c2c0, 0x000001d313b0ca18]
Event: 0.698 Thread 0x000001d32954e6a0  605       3       jdk.internal.org.objectweb.asm.MethodWriter::visitMaxs (60 bytes)
Event: 0.699 Thread 0x000001d32954e6a0 nmethod 605 0x000001d313b0cd10 code [0x000001d313b0cee0, 0x000001d313b0d158]
Event: 0.699 Thread 0x000001d32954e6a0  606       3       jdk.internal.org.objectweb.asm.MethodWriter::visitEnd (1 bytes)
Event: 0.699 Thread 0x000001d32954e6a0 nmethod 606 0x000001d313b0d210 code [0x000001d313b0d3a0, 0x000001d313b0d498]
Event: 0.699 Thread 0x000001d32954e6a0  607       3       jdk.internal.org.objectweb.asm.MethodWriter::computeMethodInfoSize (571 bytes)
Event: 0.701 Thread 0x000001d32954e6a0 nmethod 607 0x000001d313b0d510 code [0x000001d313b0d840, 0x000001d313b0e748]
Event: 0.701 Thread 0x000001d32954e6a0  610       3       jdk.internal.org.objectweb.asm.SymbolTable::addTypeInternal (85 bytes)
Event: 0.701 Thread 0x000001d32954e6a0 nmethod 610 0x000001d313b0ee10 code [0x000001d313b0f000, 0x000001d313b0f638]
Event: 0.701 Thread 0x000001d32954e6a0  608       3       jdk.internal.org.objectweb.asm.MethodWriter::hasFrames (13 bytes)
Event: 0.702 Thread 0x000001d32954e6a0 nmethod 608 0x000001d313b0f810 code [0x000001d313b0f9a0, 0x000001d313b0faf8]
Event: 0.702 Thread 0x000001d32954e6a0  611       3       java.lang.invoke.LambdaForm$BasicType::basicType (172 bytes)
Event: 0.702 Thread 0x000001d3294ff460  615       4       java.util.concurrent.ConcurrentHashMap::tabAt (22 bytes)

GC Heap History (0 events):
No events

Deoptimization events (8 events):
Event: 0.627 Thread 0x000001d30b2618b0 Uncommon trap: trap_request=0xffffff45 fr.pc=0x000001d31af6f89c relative=0x000000000000017c
Event: 0.627 Thread 0x000001d30b2618b0 Uncommon trap: reason=unstable_if action=reinterpret pc=0x000001d31af6f89c method=java.lang.String.equals(Ljava/lang/Object;)Z @ 33 c2
Event: 0.627 Thread 0x000001d30b2618b0 DEOPT PACKING pc=0x000001d31af6f89c sp=0x00000032894feef0
Event: 0.627 Thread 0x000001d30b2618b0 DEOPT UNPACKING pc=0x000001d3134de42f sp=0x00000032894fee90 mode 2
Event: 0.634 Thread 0x000001d32a1ed8d0 Uncommon trap: trap_request=0xffffff45 fr.pc=0x000001d31af6d258 relative=0x00000000000008d8
Event: 0.634 Thread 0x000001d32a1ed8d0 Uncommon trap: reason=unstable_if action=reinterpret pc=0x000001d31af6d258 method=java.util.HashMap.putVal(ILjava/lang/Object;Ljava/lang/Object;ZZ)Ljava/lang/Object; @ 181 c2
Event: 0.634 Thread 0x000001d32a1ed8d0 DEOPT PACKING pc=0x000001d31af6d258 sp=0x000000328a8fddc0
Event: 0.634 Thread 0x000001d32a1ed8d0 DEOPT UNPACKING pc=0x000001d3134de42f sp=0x000000328a8fdd60 mode 2

Classes unloaded (0 events):
No events

Classes redefined (0 events):
No events

Internal exceptions (15 events):
Event: 0.187 Thread 0x000001d30b2618b0 Exception <a 'java/lang/NoSuchMethodError'{0x0000000089008778}: 'void java.lang.invoke.DirectMethodHandle$Holder.invokeVirtual(java.lang.Object, java.lang.Object)'> (0x0000000089008778) 
thrown [./open/src/hotspot/share/interpreter/linkResolver.cpp, line 782]
Event: 0.305 Thread 0x000001d30b2618b0 Exception <a 'java/lang/NoSuchMethodError'{0x00000000890ad658}: 'void java.lang.invoke.DirectMethodHandle$Holder.invokeSpecial(java.lang.Object, java.lang.Object, java.lang.Object)'> (0x00000000890ad658) 
thrown [./open/src/hotspot/share/interpreter/linkResolver.cpp, line 782]
Event: 0.319 Thread 0x000001d30b2618b0 Exception <a 'sun/nio/fs/WindowsException'{0x00000000890bb330}> (0x00000000890bb330) 
thrown [./open/src/hotspot/share/prims/jni.cpp, line 578]
Event: 0.334 Thread 0x000001d30b2618b0 Exception <a 'java/lang/ClassNotFoundException'{0x00000000890c16f8}: sun/awt/resources/spi/awtProvider> (0x00000000890c16f8) 
thrown [./open/src/hotspot/share/classfile/systemDictionary.cpp, line 295]
Event: 0.392 Thread 0x000001d30b2618b0 Exception <a 'java/io/FileNotFoundException'{0x0000000088f18ec0}> (0x0000000088f18ec0) 
thrown [./open/src/hotspot/share/prims/jni.cpp, line 578]
Event: 0.419 Thread 0x000001d30b2618b0 Exception <a 'java/io/FileNotFoundException'{0x0000000088f47c70}> (0x0000000088f47c70) 
thrown [./open/src/hotspot/share/prims/jni.cpp, line 578]
Event: 0.420 Thread 0x000001d30b2618b0 Exception <a 'java/lang/NoSuchMethodError'{0x0000000088f48f28}: 'java.lang.Object java.lang.invoke.DirectMethodHandle$Holder.invokeStatic(java.lang.Object)'> (0x0000000088f48f28) 
thrown [./open/src/hotspot/share/interpreter/linkResolver.cpp, line 782]
Event: 0.477 Thread 0x000001d30b2618b0 Exception <a 'java/lang/NoSuchMethodError'{0x0000000088f9ed60}: 'java.lang.Object java.lang.invoke.DirectMethodHandle$Holder.invokeStaticInit(java.lang.Object)'> (0x0000000088f9ed60) 
thrown [./open/src/hotspot/share/interpreter/linkResolver.cpp, line 782]
Event: 0.538 Thread 0x000001d30b2618b0 Exception <a 'java/lang/NoSuchMethodError'{0x0000000088e48d20}: 'java.lang.Object java.lang.invoke.DirectMethodHandle$Holder.newInvokeSpecial(java.lang.Object, java.lang.Object, java.lang.Object, java.lang.Object, java.lang.Object)'> (0x0000000088e48d20) 
thrown [./open/src/hotspot/share/interpreter/linkResolver.cpp, line 782]
Event: 0.540 Thread 0x000001d30b2618b0 Exception <a 'java/lang/NoSuchMethodError'{0x0000000088e547b0}: 'java.lang.Object java.lang.invoke.DirectMethodHandle$Holder.invokeStatic(java.lang.Object, int, java.lang.Object, java.lang.Object, java.lang.Object, java.lang.Object)'> (0x0000000088e547b0) 
thrown [./open/src/hotspot/share/interpreter/linkResolver.cpp, line 782]
Event: 0.547 Thread 0x000001d30b2618b0 Exception <a 'java/lang/NoSuchMethodError'{0x0000000088e7aa58}: 'java.lang.Object java.lang.invoke.DirectMethodHandle$Holder.invokeStatic(java.lang.Object, int, java.lang.Object)'> (0x0000000088e7aa58) 
thrown [./open/src/hotspot/share/interpreter/linkResolver.cpp, line 782]
Event: 0.582 Thread 0x000001d30b2618b0 Exception <a 'java/lang/ClassNotFoundException'{0x0000000088d33320}: com/sun/swing/internal/plaf/metal/resources/spi/metalProvider> (0x0000000088d33320) 
thrown [./open/src/hotspot/share/classfile/systemDictionary.cpp, line 295]
Event: 0.583 Thread 0x000001d30b2618b0 Exception <a 'java/lang/ClassNotFoundException'{0x0000000088d37d18}: com/sun/swing/internal/plaf/basic/resources/spi/basicProvider> (0x0000000088d37d18) 
thrown [./open/src/hotspot/share/classfile/systemDictionary.cpp, line 295]
Event: 0.659 Thread 0x000001d30b2618b0 Exception <a 'java/lang/NoSuchMethodError'{0x0000000088de51f8}: 'void java.lang.invoke.DirectMethodHandle$Holder.invokeStaticInit(java.lang.Object)'> (0x0000000088de51f8) 
thrown [./open/src/hotspot/share/interpreter/linkResolver.cpp, line 782]
Event: 0.672 Thread 0x000001d30b2618b0 Exception <a 'java/io/FileNotFoundException'{0x0000000088df1a40}> (0x0000000088df1a40) 
thrown [./open/src/hotspot/share/prims/jni.cpp, line 578]

Events (20 events):
Event: 0.693 loading class sun/awt/Win32FontManager$2
Event: 0.693 loading class sun/awt/Win32FontManager$2 done
Event: 0.694 loading class sun/awt/FontConfiguration$2
Event: 0.694 loading class sun/awt/FontConfiguration$2 done
Event: 0.694 loading class sun/awt/windows/WDefaultFontCharset
Event: 0.694 loading class sun/awt/AWTCharset
Event: 0.694 loading class sun/awt/AWTCharset done
Event: 0.694 loading class sun/awt/windows/WDefaultFontCharset done
Event: 0.694 loading class sun/awt/windows/WDefaultFontCharset$Encoder
Event: 0.694 loading class sun/awt/AWTCharset$Encoder
Event: 0.695 loading class sun/awt/AWTCharset$Encoder done
Event: 0.695 loading class sun/awt/windows/WDefaultFontCharset$Encoder done
Event: 0.696 loading class sun/awt/windows/WingDings
Event: 0.696 loading class sun/awt/windows/WingDings done
Event: 0.696 loading class sun/awt/windows/WingDings$Encoder
Event: 0.696 loading class sun/awt/windows/WingDings$Encoder done
Event: 0.696 loading class sun/awt/Symbol
Event: 0.696 loading class sun/awt/Symbol done
Event: 0.697 loading class sun/awt/Symbol$Encoder
Event: 0.697 loading class sun/awt/Symbol$Encoder done


Dynamic libraries:
0x00007ff7acb30000 - 0x00007ff7acb3f000 	C:\Program Files\Java\jdk-15.0.1\bin\javaw.exe
0x00007ffed0ce0000 - 0x00007ffed0ed0000 	C:\Windows\SYSTEM32\ntdll.dll
0x00007ffecf580000 - 0x00007ffecf632000 	C:\Windows\System32\KERNEL32.DLL
0x00007ffecdd80000 - 0x00007ffece025000 	C:\Windows\System32\KERNELBASE.dll
0x00007ffecdc80000 - 0x00007ffecdd7a000 	C:\Windows\System32\ucrtbase.dll
0x00007ffebfb50000 - 0x00007ffebfb68000 	C:\Program Files\Java\jdk-15.0.1\bin\jli.dll
0x00007ffecefa0000 - 0x00007ffecf043000 	C:\Windows\System32\ADVAPI32.dll
0x00007ffeced90000 - 0x00007ffecee2e000 	C:\Windows\System32\msvcrt.dll
0x00007ffecf4d0000 - 0x00007ffecf567000 	C:\Windows\System32\sechost.dll
0x00007ffecf780000 - 0x00007ffecf8a0000 	C:\Windows\System32\RPCRT4.dll
0x00007ffecf2d0000 - 0x00007ffecf464000 	C:\Windows\System32\USER32.dll
0x00007ffeceae0000 - 0x00007ffeceb01000 	C:\Windows\System32\win32u.dll
0x00007ffecf6f0000 - 0x00007ffecf716000 	C:\Windows\System32\GDI32.dll
0x00007ffecebf0000 - 0x00007ffeced86000 	C:\Windows\System32\gdi32full.dll
0x00007ffece290000 - 0x00007ffece32e000 	C:\Windows\System32\msvcp_win.dll
0x00007ffeab810000 - 0x00007ffeab829000 	C:\Program Files\Java\jdk-15.0.1\bin\VCRUNTIME140.dll
0x00007ffebea40000 - 0x00007ffebecc4000 	C:\Windows\WinSxS\amd64_microsoft.windows.common-controls_6595b64144ccf1df_6.0.18362.1256_none_9e7e379be45e40e2\COMCTL32.dll
0x00007ffed0880000 - 0x00007ffed0bb6000 	C:\Windows\System32\combase.dll
0x00007ffeceb10000 - 0x00007ffeceb91000 	C:\Windows\System32\bcryptPrimitives.dll
0x00007ffec4200000 - 0x00007ffec420a000 	C:\Windows\SYSTEM32\VERSION.dll
0x00007ffecf140000 - 0x00007ffecf16e000 	C:\Windows\System32\IMM32.DLL
0x00007ffec6f60000 - 0x00007ffec6f6c000 	C:\Program Files\Java\jdk-15.0.1\bin\vcruntime140_1.dll
0x00007ffea4c10000 - 0x00007ffea4ca1000 	C:\Program Files\Java\jdk-15.0.1\bin\msvcp140.dll
0x00007ffe98c10000 - 0x00007ffe9976e000 	C:\Program Files\Java\jdk-15.0.1\bin\server\jvm.dll
0x00007ffecee30000 - 0x00007ffecee38000 	C:\Windows\System32\PSAPI.DLL
0x00007ffec7430000 - 0x00007ffec7439000 	C:\Windows\SYSTEM32\WSOCK32.dll
0x00007ffecf260000 - 0x00007ffecf2cf000 	C:\Windows\System32\WS2_32.dll
0x00007ffeca5a0000 - 0x00007ffeca5c4000 	C:\Windows\SYSTEM32\WINMM.dll
0x00007ffeca570000 - 0x00007ffeca59d000 	C:\Windows\SYSTEM32\WINMMBASE.dll
0x00007ffeceba0000 - 0x00007ffecebea000 	C:\Windows\System32\cfgmgr32.dll
0x00007ffecdbb0000 - 0x00007ffecdbc1000 	C:\Windows\System32\kernel.appcore.dll
0x00007ffec73e0000 - 0x00007ffec73ea000 	C:\Program Files\Java\jdk-15.0.1\bin\jimage.dll
0x00007ffebbcd0000 - 0x00007ffebbec4000 	C:\Windows\SYSTEM32\DBGHELP.DLL
0x00007ffebb990000 - 0x00007ffebb9ba000 	C:\Windows\SYSTEM32\dbgcore.DLL
0x00007ffebf9a0000 - 0x00007ffebf9c5000 	C:\Program Files\Java\jdk-15.0.1\bin\java.dll
0x00007ffed0190000 - 0x00007ffed0877000 	C:\Windows\System32\SHELL32.dll
0x00007ffecf640000 - 0x00007ffecf6e9000 	C:\Windows\System32\shcore.dll
0x00007ffece330000 - 0x00007ffeceab1000 	C:\Windows\System32\windows.storage.dll
0x00007ffecdbd0000 - 0x00007ffecdbf3000 	C:\Windows\System32\profapi.dll
0x00007ffecdc00000 - 0x00007ffecdc4a000 	C:\Windows\System32\powrprof.dll
0x00007ffecdb80000 - 0x00007ffecdb90000 	C:\Windows\System32\UMPDC.dll
0x00007ffecfe40000 - 0x00007ffecfe92000 	C:\Windows\System32\shlwapi.dll
0x00007ffeceac0000 - 0x00007ffecead7000 	C:\Windows\System32\cryptsp.dll
0x00007ffebd010000 - 0x00007ffebd029000 	C:\Program Files\Java\jdk-15.0.1\bin\net.dll
0x00007ffec0540000 - 0x00007ffec0630000 	C:\Windows\SYSTEM32\WINHTTP.dll
0x00007ffecd3d0000 - 0x00007ffecd437000 	C:\Windows\system32\mswsock.dll
0x00007ffeb5fd0000 - 0x00007ffeb5fe2000 	C:\Program Files\Java\jdk-15.0.1\bin\nio.dll
0x00007ffe9dcf0000 - 0x00007ffe9de70000 	C:\Program Files\Java\jdk-15.0.1\bin\awt.dll
0x00007ffed0bd0000 - 0x00007ffed0c95000 	C:\Windows\System32\OLEAUT32.dll
0x00007ffecbce0000 - 0x00007ffecbd6f000 	C:\Windows\SYSTEM32\apphelp.dll
0x00007ffecc2f0000 - 0x00007ffecc31d000 	C:\Windows\system32\DWMAPI.DLL
0x00007ffecbe70000 - 0x00007ffecbf09000 	C:\Windows\system32\uxtheme.dll
0x00007ffeb5330000 - 0x00007ffeb5486000 	C:\Windows\system32\opengl32.dll
0x00007ffebdaa0000 - 0x00007ffebdacc000 	C:\Windows\SYSTEM32\GLU32.dll
0x00007ffecc7c0000 - 0x00007ffecc7e0000 	C:\Windows\SYSTEM32\dxcore.dll
0x00007ffed0050000 - 0x00007ffed0185000 	C:\Windows\System32\MSCTF.dll
0x00007ffecee40000 - 0x00007ffecef97000 	C:\Windows\System32\ole32.dll
0x00007ffe9f600000 - 0x00007ffe9f685000 	C:\Program Files\Java\jdk-15.0.1\bin\freetype.dll
0x00007ffe9f320000 - 0x00007ffe9f3c9000 	C:\Program Files\Java\jdk-15.0.1\bin\fontmanager.dll

dbghelp: loaded successfully - version: 4.0.5 - missing functions: none
symbol engine: initialized successfully - sym options: 0x614 - pdb path: .;C:\Program Files\Java\jdk-15.0.1\bin;C:\Windows\SYSTEM32;C:\Windows\WinSxS\amd64_microsoft.windows.common-controls_6595b64144ccf1df_6.0.18362.1256_none_9e7e379be45e40e2;C:\Program Files\Java\jdk-15.0.1\bin\server

VM Arguments:
jvm_args: -Dfile.encoding=UTF-8 --module-path=C:\Users\user\eclipse-workspace\Dentaku\bin -Djdk.module.main=dentaku 
java_command: dentaku/dentaku.Starter
java_class_path (initial): <not set>
Launcher Type: SUN_STANDARD

[Global flags]
     intx CICompilerCount                          = 3                                         {product} {ergonomic}
     uint ConcGCThreads                            = 1                                         {product} {ergonomic}
     uint G1ConcRefinementThreads                  = 4                                         {product} {ergonomic}
   size_t G1HeapRegionSize                         = 1048576                                   {product} {ergonomic}
    uintx GCDrainStackTargetSize                   = 64                                        {product} {ergonomic}
   size_t InitialHeapSize                          = 134217728                                 {product} {ergonomic}
   size_t MarkStackSize                            = 4194304                                   {product} {ergonomic}
   size_t MaxHeapSize                              = 2128609280                                {product} {ergonomic}
   size_t MaxNewSize                               = 1277165568                                {product} {ergonomic}
   size_t MinHeapDeltaBytes                        = 1048576                                   {product} {ergonomic}
   size_t MinHeapSize                              = 8388608                                   {product} {ergonomic}
    uintx NonNMethodCodeHeapSize                   = 5832780                                {pd product} {ergonomic}
    uintx NonProfiledCodeHeapSize                  = 122912730                              {pd product} {ergonomic}
    uintx ProfiledCodeHeapSize                     = 122912730                              {pd product} {ergonomic}
    uintx ReservedCodeCacheSize                    = 251658240                              {pd product} {ergonomic}
     bool SegmentedCodeCache                       = true                                      {product} {ergonomic}
   size_t SoftMaxHeapSize                          = 2128609280                             {manageable} {ergonomic}
     bool UseCompressedClassPointers               = true                                 {lp64_product} {ergonomic}
     bool UseCompressedOops                        = true                                 {lp64_product} {ergonomic}
     bool UseG1GC                                  = true                                      {product} {ergonomic}
     bool UseLargePagesIndividualAllocation        = false                                  {pd product} {ergonomic}

Logging:
Log output configuration:
 #0: stdout all=warning uptime,level,tags
 #1: stderr all=off uptime,level,tags

Environment Variables:
JAVA_HOME=C:Program Files\Java\jdk-14
PATH=C:/Program Files/Java/jdk-15.0.1/bin/server;C:/Program Files/Java/jdk-15.0.1/bin;C:\Program Files\Common Files\Oracle\Java\javapath;C:\Windows\system32;C:\Windows;C:\Windows\System32\Wbem;C:\Windows\System32\WindowsPowerShell\v1.0\;C:\Windows\System32\OpenSSH\;";C:Program Files\Java\jdk-14\bin";C:\Users\user\eclipse\java-2020-03\eclipse\javafx-sdk-11.0.2;C:\Program Files\Java\jdk-14\bin;C:\Program Files\dotnet\;C:\Program Files\Microsoft SQL Server\130\Tools\Binn\;C:\Program Files\Microsoft SQL Server\Client SDK\ODBC\170\Tools\Binn\;C:\Program Files\Git\cmd;C:\Program Files\MySQL\MySQL Server 8.0\bin;C:\Program Files\nodejs\;C:\ProgramData\chocolatey\bin;C:\Users\user\.windows-build-tools\python27\;C:\Program Files\MySQL\MySQL Server 8.0\bin;C:\Users\user\AppData\Roaming\npm;C:\Users\user\AppData\Local\Programs\Microsoft VS Code\bin;C:\Program Files\Java\jdk-15.0.1\bin;;C:\Users\user\eclipse\java-2020-03\eclipse;
USERNAME=user
OS=Windows_NT
PROCESSOR_IDENTIFIER=Intel64 Family 6 Model 69 Stepping 1, GenuineIntel



---------------  S Y S T E M  ---------------

OS:
 Windows 10 , 64 bit Build 18362 (10.0.18362.1110)
OS uptime: 6 days 7:35 hours

CPU: total 4 (initial active 4) (2 cores per cpu, 2 threads per core) family 6 model 69 stepping 1 microcode 0x25, cmov, cx8, fxsr, mmx, sse, sse2, sse3, ssse3, sse4.1, sse4.2, popcnt, vzeroupper, avx, avx2, aes, clmul, erms, lzcnt, ht, tsc, tscinvbit, bmi1, bmi2, fma, clflush

Memory: 4k page, system-wide physical 8117M (2970M free)
TotalPageFile size 9397M (AvailPageFile size 2893M)
current process WorkingSet (physical memory assigned to process): 50M, peak: 50M
current process commit charge ("private bytes"): 212M, peak: 212M

vm_info: Java HotSpot(TM) 64-Bit Server VM (15.0.1+9-18) for windows-amd64 JRE (15.0.1+9-18), built on Sep 15 2020 14:43:54 by "mach5one" with unknown MS VC++:1925

END.
