#
# A fatal error has been detected by the Java Runtime Environment:
#
#  EXCEPTION_ACCESS_VIOLATION (0xc0000005) at pc=0x00007ffea2faf74a, pid=4408, tid=13772
#
# JRE version: Java(TM) SE Runtime Environment (14.0+36) (build 14+36-1461)
# Java VM: Java HotSpot(TM) 64-Bit Server VM (14+36-1461, mixed mode, sharing, tiered, compressed oops, g1 gc, windows-amd64)
# Problematic frame:
# C  [awt.dll+0x8f74a]
#
# No core dump will be written. Minidumps are not enabled by default on client versions of Windows
#
# If you would like to submit a bug report, please visit:
#   https://bugreport.java.com/bugreport/crash.jsp
# The crash happened outside the Java Virtual Machine in native code.
# See problematic frame for where to report the bug.
#

---------------  S U M M A R Y ------------

Command Line: -Dfile.encoding=UTF-8 --module-path=C:\Users\user\eclipse-workspace\Dentaku\bin -Djdk.module.main=dentaku dentaku/dentaku.Starter

Host: Intel(R) Core(TM) i5-4310U CPU @ 2.00GHz, 4 cores, 7G,  Windows 10 , 64 bit Build 18362 (10.0.18362.1110)
Time: Sun Jan  3 18:38:16 2021 ???? (?W?€??) elapsed time: 0 seconds (0d 0h 0m 0s)

---------------  T H R E A D  ---------------

Current thread (0x000002dd4491a800):  JavaThread "main" [_thread_in_native, id=13772, stack(0x000000f890f00000,0x000000f891000000)]

Stack: [0x000000f890f00000,0x000000f891000000],  sp=0x000000f890ffe840,  free space=1018k
Native frames: (J=compiled Java code, j=interpreted, Vv=VM code, C=native code)
C  [awt.dll+0x8f74a]

Java frames: (J=compiled Java code, j=interpreted, Vv=VM code)
j  sun.awt.windows.WComponentPeer._setFont(Ljava/awt/Font;)V+0 java.desktop@14
j  sun.awt.windows.WComponentPeer.setFont(Ljava/awt/Font;)V+7 java.desktop@14
j  sun.awt.windows.WWindowPeer.initialize()V+42 java.desktop@14
j  sun.awt.windows.WFramePeer.initialize()V+1 java.desktop@14
j  sun.awt.windows.WComponentPeer.<init>(Ljava/awt/Component;)V+83 java.desktop@14
j  sun.awt.windows.WCanvasPeer.<init>(Ljava/awt/Component;)V+2 java.desktop@14
j  sun.awt.windows.WPanelPeer.<init>(Ljava/awt/Component;)V+2 java.desktop@14
j  sun.awt.windows.WWindowPeer.<init>(Ljava/awt/Window;)V+2 java.desktop@14
j  sun.awt.windows.WFramePeer.<init>(Ljava/awt/Frame;)V+2 java.desktop@14
j  sun.awt.windows.WToolkit.createFrame(Ljava/awt/Frame;)Ljava/awt/peer/FramePeer;+5 java.desktop@14
j  java.awt.Frame.addNotify()V+20 java.desktop@14
j  java.awt.Window.show()V+8 java.desktop@14
j  java.awt.Component.show(Z)V+5 java.desktop@14
j  java.awt.Component.setVisible(Z)V+2 java.desktop@14
j  java.awt.Window.setVisible(Z)V+2 java.desktop@14
j  dentaku.Dentaku.<init>()V+395 dentaku
j  dentaku.Starter.main([Ljava/lang/String;)V+3 dentaku
v  ~StubRoutines::call_stub

siginfo: EXCEPTION_ACCESS_VIOLATION (0xc0000005), reading address 0x0000000000000058


Register to memory mapping:

RIP=0x00007ffea2faf74a awt.dll
RAX=0x00007ffea302a660 awt.dll
RBX=0x000002dd4491ab10 points into unknown readable memory: a0 2a 1c 9e fe 7f 00 00
RCX=0x000002dd640b97a0 points into unknown readable memory: 60 a6 02 a3 fe 7f 00 00
RDX=0x0 is NULL
RSP=0x000000f890ffe840 is pointing into the stack for thread: 0x000002dd4491a800
RBP=0x0 is NULL
RSI=0x000002dd640a9bf0 is a global jni handle
RDI=0x000002dd640a9bf8 is a global jni handle
R8 =0x0000000000000042 is an unknown value
R9 =0x0000000800b59e98 is a pointer to class: 
java.awt.Font {0x0000000800b59ea0}
R10=0x0000000000008000 is an unknown value
R11=0x000000f890ffe840 is pointing into the stack for thread: 0x000002dd4491a800
R12=0x0 is NULL
R13={method} {0x000002dd632ff340} '_setFont' '(Ljava/awt/Font;)V' in 'sun/awt/windows/WComponentPeer'
R14=0x000002dd640b97a0 points into unknown readable memory: 60 a6 02 a3 fe 7f 00 00
R15=0x000002dd640b3af0 points into unknown readable memory: f0 9b 0a 64 dd 02 00 00


Registers:
RAX=0x00007ffea302a660, RBX=0x000002dd4491ab10, RCX=0x000002dd640b97a0, RDX=0x0000000000000000
RSP=0x000000f890ffe840, RBP=0x0000000000000000, RSI=0x000002dd640a9bf0, RDI=0x000002dd640a9bf8
R8 =0x0000000000000042, R9 =0x0000000800b59e98, R10=0x0000000000008000, R11=0x000000f890ffe840
R12=0x0000000000000000, R13=0x000002dd632ff338, R14=0x000002dd640b97a0, R15=0x000002dd640b3af0
RIP=0x00007ffea2faf74a, EFLAGS=0x0000000000010202

Top of Stack: (sp=0x000000f890ffe840)
0x000000f890ffe840:   000002dd640b3af0 000002dd640b97a0
0x000000f890ffe850:   000002dd640b3af0 000002dd640b97a0
0x000000f890ffe860:   000002dd640a9bf8 00007ffea2fb4655
0x000000f890ffe870:   000002dd4491ab10 000002dd4491ab10
0x000000f890ffe880:   0000000000000000 000002dd640a9bf0
0x000000f890ffe890:   000002dd4491a800 000000f890ffe9e8
0x000000f890ffe8a0:   000002dd640b3af0 00007ffea2fed59b
0x000000f890ffe8b0:   00007ffea306f018 000000f890ffe9c0
0x000000f890ffe8c0:   00007ffea2fb4528 0000000000000000
0x000000f890ffe8d0:   fffffffffffffffe fffffffffffffffe
0x000000f890ffe8e0:   000002dd640a9bf0 00007ffea2fb581c
0x000000f890ffe8f0:   000002dd640a9bf8 000000f890ffe9e0
0x000000f890ffe900:   000000f890ffe9e0 00007ffea306f018
0x000000f890ffe910:   fffffffffffffffe 00007ffe9db36c19
0x000000f890ffe920:   000002dd4d0ca1b3 000002dd4d0d00b4
0x000000f890ffe930:   000002dd632ff338 0000000000000000 

Instructions: (pc=0x00007ffea2faf74a)
0x00007ffea2faf64a:   00 48 8b d9 e8 d9 dc ff ff 48 8b f8 48 85 c0 75
0x00007ffea2faf65a:   04 48 8b 7b 48 48 8b cf e8 93 15 05 00 48 8b d8
0x00007ffea2faf66a:   48 85 c0 74 60 83 64 24 20 00 0f 57 c0 83 64 24
0x00007ffea2faf67a:   34 00 b9 11 00 00 00 83 64 24 38 00 f3 0f 7f 44
0x00007ffea2faf68a:   24 24 ff 15 86 bc 0b 00 4c 8d 44 24 40 ba 5c 00
0x00007ffea2faf69a:   00 00 48 8b c8 ff 15 2b bf 0b 00 83 f8 5c 75 0d
0x00007ffea2faf6aa:   48 8d 54 24 40 48 8b cb e8 f2 15 05 00 48 8d 54
0x00007ffea2faf6ba:   24 20 48 8b cb e8 09 16 05 00 48 8b d3 48 8b cf
0x00007ffea2faf6ca:   e8 b6 15 05 00 48 8b 8c 24 a0 00 00 00 48 33 cc
0x00007ffea2faf6da:   e8 e1 22 05 00 48 8b 9c 24 c8 00 00 00 48 81 c4
0x00007ffea2faf6ea:   b0 00 00 00 5f c3 40 53 48 83 ec 20 48 8b d9 ff
0x00007ffea2faf6fa:   15 69 c4 0b 00 48 85 c0 75 0a 48 8b 4b 48 ff 15
0x00007ffea2faf70a:   52 c4 0b 00 48 83 c4 20 5b c3 4c 63 c2 48 8b 15
0x00007ffea2faf71a:   2a a8 0b 00 48 ff 25 e3 c2 0b 00 cc cc cc 48 8b
0x00007ffea2faf72a:   d1 48 8b 0d 1e d8 0b 00 48 89 15 17 d8 0b 00 e9
0x00007ffea2faf73a:   f6 63 04 00 cc cc 48 89 5c 24 08 57 48 83 ec 20
0x00007ffea2faf74a:   83 7a 58 00 48 8b da 48 8b f9 7d 08 48 8b ca e8
0x00007ffea2faf75a:   4a 95 01 00 4c 8b 43 48 45 33 c9 48 8b 4f 48 4d
0x00007ffea2faf76a:   8b 00 41 8d 51 30 ff 15 5a c5 0b 00 48 8b 4f 48
0x00007ffea2faf77a:   33 d2 44 8d 42 01 48 8b 5c 24 30 48 83 c4 20 5f
0x00007ffea2faf78a:   48 ff 25 f7 c3 0b 00 cc cc cc 48 8b c4 48 89 58
0x00007ffea2faf79a:   08 48 89 68 10 48 89 70 18 48 89 78 20 41 56 48
0x00007ffea2faf7aa:   83 ec 20 4c 8b f2 48 8b f9 48 8b 0d 3e f6 0b 00
0x00007ffea2faf7ba:   ba 02 00 01 00 41 8b e8 e8 04 21 05 00 48 8b 97
0x00007ffea2faf7ca:   c0 00 00 00 33 db 48 8b f0 48 85 d2 74 0d 4c 8b
0x00007ffea2faf7da:   08 48 8b c8 41 ff 91 b0 00 00 00 4d 85 f6 74 14
0x00007ffea2faf7ea:   48 8b 06 49 8b d6 48 8b ce ff 90 a8 00 00 00 48
0x00007ffea2faf7fa:   8b d8 eb 05 bd 01 00 00 00 48 89 9f c0 00 00 00
0x00007ffea2faf80a:   89 af c8 00 00 00 48 8b 5c 24 30 48 8b 6c 24 38
0x00007ffea2faf81a:   48 8b 74 24 40 48 8b 7c 24 48 48 83 c4 20 41 5e
0x00007ffea2faf82a:   c3 cc 48 89 5c 24 08 48 89 6c 24 10 48 89 74 24
0x00007ffea2faf83a:   18 57 48 83 ec 20 33 db 48 8b f9 48 85 c9 75 09 


Stack slot to memory mapping:
stack at sp + 0 slots: 0x000002dd640b3af0 points into unknown readable memory: f0 9b 0a 64 dd 02 00 00
stack at sp + 1 slots: 0x000002dd640b97a0 points into unknown readable memory: 60 a6 02 a3 fe 7f 00 00
stack at sp + 2 slots: 0x000002dd640b3af0 points into unknown readable memory: f0 9b 0a 64 dd 02 00 00
stack at sp + 3 slots: 0x000002dd640b97a0 points into unknown readable memory: 60 a6 02 a3 fe 7f 00 00
stack at sp + 4 slots: 0x000002dd640a9bf8 is a global jni handle
stack at sp + 5 slots: 0x00007ffea2fb4655 awt.dll
stack at sp + 6 slots: 0x000002dd4491ab10 points into unknown readable memory: a0 2a 1c 9e fe 7f 00 00
stack at sp + 7 slots: 0x000002dd4491ab10 points into unknown readable memory: a0 2a 1c 9e fe 7f 00 00


---------------  P R O C E S S  ---------------

Threads class SMR info:
_java_thread_list=0x000002dd64073fd0, length=15, elements={
0x000002dd4491a800, 0x000002dd63130800, 0x000002dd63132000, 0x000002dd6314b000,
0x000002dd6314c000, 0x000002dd63151800, 0x000002dd63162000, 0x000002dd63164000,
0x000002dd6316e000, 0x000002dd630f0000, 0x000002dd63adf000, 0x000002dd63d1c800,
0x000002dd63d21000, 0x000002dd63d62800, 0x000002dd640c0800
}

Java Threads: ( => current thread )
=>0x000002dd4491a800 JavaThread "main" [_thread_in_native, id=13772, stack(0x000000f890f00000,0x000000f891000000)]
  0x000002dd63130800 JavaThread "Reference Handler" daemon [_thread_blocked, id=1040, stack(0x000000f891600000,0x000000f891700000)]
  0x000002dd63132000 JavaThread "Finalizer" daemon [_thread_blocked, id=6504, stack(0x000000f891700000,0x000000f891800000)]
  0x000002dd6314b000 JavaThread "Signal Dispatcher" daemon [_thread_blocked, id=4396, stack(0x000000f891800000,0x000000f891900000)]
  0x000002dd6314c000 JavaThread "Attach Listener" daemon [_thread_blocked, id=2460, stack(0x000000f891900000,0x000000f891a00000)]
  0x000002dd63151800 JavaThread "Service Thread" daemon [_thread_blocked, id=14776, stack(0x000000f891a00000,0x000000f891b00000)]
  0x000002dd63162000 JavaThread "C2 CompilerThread0" daemon [_thread_blocked, id=8860, stack(0x000000f891b00000,0x000000f891c00000)]
  0x000002dd63164000 JavaThread "C1 CompilerThread0" daemon [_thread_blocked, id=10408, stack(0x000000f891c00000,0x000000f891d00000)]
  0x000002dd6316e000 JavaThread "Sweeper thread" daemon [_thread_blocked, id=6972, stack(0x000000f891d00000,0x000000f891e00000)]
  0x000002dd630f0000 JavaThread "Common-Cleaner" daemon [_thread_blocked, id=13872, stack(0x000000f891e00000,0x000000f891f00000)]
  0x000002dd63adf000 JavaThread "Notification Thread" daemon [_thread_blocked, id=1140, stack(0x000000f891f00000,0x000000f892000000)]
  0x000002dd63d1c800 JavaThread "Java2D Disposer" daemon [_thread_blocked, id=11628, stack(0x000000f892100000,0x000000f892200000)]
  0x000002dd63d21000 JavaThread "AWT-Shutdown" [_thread_blocked, id=6276, stack(0x000000f892200000,0x000000f892300000)]
  0x000002dd63d62800 JavaThread "AWT-Windows" daemon [_thread_in_native, id=6452, stack(0x000000f892300000,0x000000f892400000)]
  0x000002dd640c0800 JavaThread "AWT-EventQueue-0" [_thread_blocked, id=2052, stack(0x000000f892400000,0x000000f892500000)]

Other Threads:
  0x000002dd63109000 VMThread "VM Thread" [stack: 0x000000f891500000,0x000000f891600000] [id=11704]
  0x000002dd63ae0000 WatcherThread [stack: 0x000000f892000000,0x000000f892100000] [id=7652]
  0x000002dd4495b800 GCTaskThread "GC Thread#0" [stack: 0x000000f891000000,0x000000f891100000] [id=14688]
  0x000002dd4496d800 ConcurrentGCThread "G1 Main Marker" [stack: 0x000000f891100000,0x000000f891200000] [id=12016]
  0x000002dd44972800 ConcurrentGCThread "G1 Conc#0" [stack: 0x000000f891200000,0x000000f891300000] [id=9468]
  0x000002dd62f80800 ConcurrentGCThread "G1 Refine#0" [stack: 0x000000f891300000,0x000000f891400000] [id=5188]
  0x000002dd449ed000 ConcurrentGCThread "G1 Young RemSet Sampling" [stack: 0x000000f891400000,0x000000f891500000] [id=13960]

Threads with active compile tasks:

VM state:not at safepoint (normal execution)

VM Mutex/Monitor currently owned by a thread: None

Heap address: 0x0000000081200000, size: 2030 MB, Compressed Oops mode: 32-bit
Narrow klass base: 0x0000000800000000, Narrow klass shift: 3
Compressed class space size: 1073741824 Address: 0x0000000800b30000

Heap:
 garbage-first heap   total 131072K, used 4096K [0x0000000081200000, 0x0000000100000000)
  region size 1024K, 5 young (5120K), 0 survivors (0K)
 Metaspace       used 7036K, capacity 7290K, committed 7424K, reserved 1056768K
  class space    used 832K, capacity 976K, committed 1024K, reserved 1048576K
Heap Regions: E=young(eden), S=young(survivor), O=old, HS=humongous(starts), HC=humongous(continues), CS=collection set, F=free, OA=open archive, CA=closed archive, TAMS=top-at-mark-start (previous, next)
|   0|0x0000000081200000, 0x0000000081200000, 0x0000000081300000|  0%| F|  |TAMS 0x0000000081200000, 0x0000000081200000| Untracked 
|   1|0x0000000081300000, 0x0000000081300000, 0x0000000081400000|  0%| F|  |TAMS 0x0000000081300000, 0x0000000081300000| Untracked 
|   2|0x0000000081400000, 0x0000000081400000, 0x0000000081500000|  0%| F|  |TAMS 0x0000000081400000, 0x0000000081400000| Untracked 
|   3|0x0000000081500000, 0x0000000081500000, 0x0000000081600000|  0%| F|  |TAMS 0x0000000081500000, 0x0000000081500000| Untracked 
|   4|0x0000000081600000, 0x0000000081600000, 0x0000000081700000|  0%| F|  |TAMS 0x0000000081600000, 0x0000000081600000| Untracked 
|   5|0x0000000081700000, 0x0000000081700000, 0x0000000081800000|  0%| F|  |TAMS 0x0000000081700000, 0x0000000081700000| Untracked 
|   6|0x0000000081800000, 0x0000000081800000, 0x0000000081900000|  0%| F|  |TAMS 0x0000000081800000, 0x0000000081800000| Untracked 
|   7|0x0000000081900000, 0x0000000081900000, 0x0000000081a00000|  0%| F|  |TAMS 0x0000000081900000, 0x0000000081900000| Untracked 
|   8|0x0000000081a00000, 0x0000000081a00000, 0x0000000081b00000|  0%| F|  |TAMS 0x0000000081a00000, 0x0000000081a00000| Untracked 
|   9|0x0000000081b00000, 0x0000000081b00000, 0x0000000081c00000|  0%| F|  |TAMS 0x0000000081b00000, 0x0000000081b00000| Untracked 
|  10|0x0000000081c00000, 0x0000000081c00000, 0x0000000081d00000|  0%| F|  |TAMS 0x0000000081c00000, 0x0000000081c00000| Untracked 
|  11|0x0000000081d00000, 0x0000000081d00000, 0x0000000081e00000|  0%| F|  |TAMS 0x0000000081d00000, 0x0000000081d00000| Untracked 
|  12|0x0000000081e00000, 0x0000000081e00000, 0x0000000081f00000|  0%| F|  |TAMS 0x0000000081e00000, 0x0000000081e00000| Untracked 
|  13|0x0000000081f00000, 0x0000000081f00000, 0x0000000082000000|  0%| F|  |TAMS 0x0000000081f00000, 0x0000000081f00000| Untracked 
|  14|0x0000000082000000, 0x0000000082000000, 0x0000000082100000|  0%| F|  |TAMS 0x0000000082000000, 0x0000000082000000| Untracked 
|  15|0x0000000082100000, 0x0000000082100000, 0x0000000082200000|  0%| F|  |TAMS 0x0000000082100000, 0x0000000082100000| Untracked 
|  16|0x0000000082200000, 0x0000000082200000, 0x0000000082300000|  0%| F|  |TAMS 0x0000000082200000, 0x0000000082200000| Untracked 
|  17|0x0000000082300000, 0x0000000082300000, 0x0000000082400000|  0%| F|  |TAMS 0x0000000082300000, 0x0000000082300000| Untracked 
|  18|0x0000000082400000, 0x0000000082400000, 0x0000000082500000|  0%| F|  |TAMS 0x0000000082400000, 0x0000000082400000| Untracked 
|  19|0x0000000082500000, 0x0000000082500000, 0x0000000082600000|  0%| F|  |TAMS 0x0000000082500000, 0x0000000082500000| Untracked 
|  20|0x0000000082600000, 0x0000000082600000, 0x0000000082700000|  0%| F|  |TAMS 0x0000000082600000, 0x0000000082600000| Untracked 
|  21|0x0000000082700000, 0x0000000082700000, 0x0000000082800000|  0%| F|  |TAMS 0x0000000082700000, 0x0000000082700000| Untracked 
|  22|0x0000000082800000, 0x0000000082800000, 0x0000000082900000|  0%| F|  |TAMS 0x0000000082800000, 0x0000000082800000| Untracked 
|  23|0x0000000082900000, 0x0000000082900000, 0x0000000082a00000|  0%| F|  |TAMS 0x0000000082900000, 0x0000000082900000| Untracked 
|  24|0x0000000082a00000, 0x0000000082a00000, 0x0000000082b00000|  0%| F|  |TAMS 0x0000000082a00000, 0x0000000082a00000| Untracked 
|  25|0x0000000082b00000, 0x0000000082b00000, 0x0000000082c00000|  0%| F|  |TAMS 0x0000000082b00000, 0x0000000082b00000| Untracked 
|  26|0x0000000082c00000, 0x0000000082c00000, 0x0000000082d00000|  0%| F|  |TAMS 0x0000000082c00000, 0x0000000082c00000| Untracked 
|  27|0x0000000082d00000, 0x0000000082d00000, 0x0000000082e00000|  0%| F|  |TAMS 0x0000000082d00000, 0x0000000082d00000| Untracked 
|  28|0x0000000082e00000, 0x0000000082e00000, 0x0000000082f00000|  0%| F|  |TAMS 0x0000000082e00000, 0x0000000082e00000| Untracked 
|  29|0x0000000082f00000, 0x0000000082f00000, 0x0000000083000000|  0%| F|  |TAMS 0x0000000082f00000, 0x0000000082f00000| Untracked 
|  30|0x0000000083000000, 0x0000000083000000, 0x0000000083100000|  0%| F|  |TAMS 0x0000000083000000, 0x0000000083000000| Untracked 
|  31|0x0000000083100000, 0x0000000083100000, 0x0000000083200000|  0%| F|  |TAMS 0x0000000083100000, 0x0000000083100000| Untracked 
|  32|0x0000000083200000, 0x0000000083200000, 0x0000000083300000|  0%| F|  |TAMS 0x0000000083200000, 0x0000000083200000| Untracked 
|  33|0x0000000083300000, 0x0000000083300000, 0x0000000083400000|  0%| F|  |TAMS 0x0000000083300000, 0x0000000083300000| Untracked 
|  34|0x0000000083400000, 0x0000000083400000, 0x0000000083500000|  0%| F|  |TAMS 0x0000000083400000, 0x0000000083400000| Untracked 
|  35|0x0000000083500000, 0x0000000083500000, 0x0000000083600000|  0%| F|  |TAMS 0x0000000083500000, 0x0000000083500000| Untracked 
|  36|0x0000000083600000, 0x0000000083600000, 0x0000000083700000|  0%| F|  |TAMS 0x0000000083600000, 0x0000000083600000| Untracked 
|  37|0x0000000083700000, 0x0000000083700000, 0x0000000083800000|  0%| F|  |TAMS 0x0000000083700000, 0x0000000083700000| Untracked 
|  38|0x0000000083800000, 0x0000000083800000, 0x0000000083900000|  0%| F|  |TAMS 0x0000000083800000, 0x0000000083800000| Untracked 
|  39|0x0000000083900000, 0x0000000083900000, 0x0000000083a00000|  0%| F|  |TAMS 0x0000000083900000, 0x0000000083900000| Untracked 
|  40|0x0000000083a00000, 0x0000000083a00000, 0x0000000083b00000|  0%| F|  |TAMS 0x0000000083a00000, 0x0000000083a00000| Untracked 
|  41|0x0000000083b00000, 0x0000000083b00000, 0x0000000083c00000|  0%| F|  |TAMS 0x0000000083b00000, 0x0000000083b00000| Untracked 
|  42|0x0000000083c00000, 0x0000000083c00000, 0x0000000083d00000|  0%| F|  |TAMS 0x0000000083c00000, 0x0000000083c00000| Untracked 
|  43|0x0000000083d00000, 0x0000000083d00000, 0x0000000083e00000|  0%| F|  |TAMS 0x0000000083d00000, 0x0000000083d00000| Untracked 
|  44|0x0000000083e00000, 0x0000000083e00000, 0x0000000083f00000|  0%| F|  |TAMS 0x0000000083e00000, 0x0000000083e00000| Untracked 
|  45|0x0000000083f00000, 0x0000000083f00000, 0x0000000084000000|  0%| F|  |TAMS 0x0000000083f00000, 0x0000000083f00000| Untracked 
|  46|0x0000000084000000, 0x0000000084000000, 0x0000000084100000|  0%| F|  |TAMS 0x0000000084000000, 0x0000000084000000| Untracked 
|  47|0x0000000084100000, 0x0000000084100000, 0x0000000084200000|  0%| F|  |TAMS 0x0000000084100000, 0x0000000084100000| Untracked 
|  48|0x0000000084200000, 0x0000000084200000, 0x0000000084300000|  0%| F|  |TAMS 0x0000000084200000, 0x0000000084200000| Untracked 
|  49|0x0000000084300000, 0x0000000084300000, 0x0000000084400000|  0%| F|  |TAMS 0x0000000084300000, 0x0000000084300000| Untracked 
|  50|0x0000000084400000, 0x0000000084400000, 0x0000000084500000|  0%| F|  |TAMS 0x0000000084400000, 0x0000000084400000| Untracked 
|  51|0x0000000084500000, 0x0000000084500000, 0x0000000084600000|  0%| F|  |TAMS 0x0000000084500000, 0x0000000084500000| Untracked 
|  52|0x0000000084600000, 0x0000000084600000, 0x0000000084700000|  0%| F|  |TAMS 0x0000000084600000, 0x0000000084600000| Untracked 
|  53|0x0000000084700000, 0x0000000084700000, 0x0000000084800000|  0%| F|  |TAMS 0x0000000084700000, 0x0000000084700000| Untracked 
|  54|0x0000000084800000, 0x0000000084800000, 0x0000000084900000|  0%| F|  |TAMS 0x0000000084800000, 0x0000000084800000| Untracked 
|  55|0x0000000084900000, 0x0000000084900000, 0x0000000084a00000|  0%| F|  |TAMS 0x0000000084900000, 0x0000000084900000| Untracked 
|  56|0x0000000084a00000, 0x0000000084a00000, 0x0000000084b00000|  0%| F|  |TAMS 0x0000000084a00000, 0x0000000084a00000| Untracked 
|  57|0x0000000084b00000, 0x0000000084b00000, 0x0000000084c00000|  0%| F|  |TAMS 0x0000000084b00000, 0x0000000084b00000| Untracked 
|  58|0x0000000084c00000, 0x0000000084c00000, 0x0000000084d00000|  0%| F|  |TAMS 0x0000000084c00000, 0x0000000084c00000| Untracked 
|  59|0x0000000084d00000, 0x0000000084d00000, 0x0000000084e00000|  0%| F|  |TAMS 0x0000000084d00000, 0x0000000084d00000| Untracked 
|  60|0x0000000084e00000, 0x0000000084e00000, 0x0000000084f00000|  0%| F|  |TAMS 0x0000000084e00000, 0x0000000084e00000| Untracked 
|  61|0x0000000084f00000, 0x0000000084f00000, 0x0000000085000000|  0%| F|  |TAMS 0x0000000084f00000, 0x0000000084f00000| Untracked 
|  62|0x0000000085000000, 0x0000000085000000, 0x0000000085100000|  0%| F|  |TAMS 0x0000000085000000, 0x0000000085000000| Untracked 
|  63|0x0000000085100000, 0x0000000085100000, 0x0000000085200000|  0%| F|  |TAMS 0x0000000085100000, 0x0000000085100000| Untracked 
|  64|0x0000000085200000, 0x0000000085200000, 0x0000000085300000|  0%| F|  |TAMS 0x0000000085200000, 0x0000000085200000| Untracked 
|  65|0x0000000085300000, 0x0000000085300000, 0x0000000085400000|  0%| F|  |TAMS 0x0000000085300000, 0x0000000085300000| Untracked 
|  66|0x0000000085400000, 0x0000000085400000, 0x0000000085500000|  0%| F|  |TAMS 0x0000000085400000, 0x0000000085400000| Untracked 
|  67|0x0000000085500000, 0x0000000085500000, 0x0000000085600000|  0%| F|  |TAMS 0x0000000085500000, 0x0000000085500000| Untracked 
|  68|0x0000000085600000, 0x0000000085600000, 0x0000000085700000|  0%| F|  |TAMS 0x0000000085600000, 0x0000000085600000| Untracked 
|  69|0x0000000085700000, 0x0000000085700000, 0x0000000085800000|  0%| F|  |TAMS 0x0000000085700000, 0x0000000085700000| Untracked 
|  70|0x0000000085800000, 0x0000000085800000, 0x0000000085900000|  0%| F|  |TAMS 0x0000000085800000, 0x0000000085800000| Untracked 
|  71|0x0000000085900000, 0x0000000085900000, 0x0000000085a00000|  0%| F|  |TAMS 0x0000000085900000, 0x0000000085900000| Untracked 
|  72|0x0000000085a00000, 0x0000000085a00000, 0x0000000085b00000|  0%| F|  |TAMS 0x0000000085a00000, 0x0000000085a00000| Untracked 
|  73|0x0000000085b00000, 0x0000000085b00000, 0x0000000085c00000|  0%| F|  |TAMS 0x0000000085b00000, 0x0000000085b00000| Untracked 
|  74|0x0000000085c00000, 0x0000000085c00000, 0x0000000085d00000|  0%| F|  |TAMS 0x0000000085c00000, 0x0000000085c00000| Untracked 
|  75|0x0000000085d00000, 0x0000000085d00000, 0x0000000085e00000|  0%| F|  |TAMS 0x0000000085d00000, 0x0000000085d00000| Untracked 
|  76|0x0000000085e00000, 0x0000000085e00000, 0x0000000085f00000|  0%| F|  |TAMS 0x0000000085e00000, 0x0000000085e00000| Untracked 
|  77|0x0000000085f00000, 0x0000000085f00000, 0x0000000086000000|  0%| F|  |TAMS 0x0000000085f00000, 0x0000000085f00000| Untracked 
|  78|0x0000000086000000, 0x0000000086000000, 0x0000000086100000|  0%| F|  |TAMS 0x0000000086000000, 0x0000000086000000| Untracked 
|  79|0x0000000086100000, 0x0000000086100000, 0x0000000086200000|  0%| F|  |TAMS 0x0000000086100000, 0x0000000086100000| Untracked 
|  80|0x0000000086200000, 0x0000000086200000, 0x0000000086300000|  0%| F|  |TAMS 0x0000000086200000, 0x0000000086200000| Untracked 
|  81|0x0000000086300000, 0x0000000086300000, 0x0000000086400000|  0%| F|  |TAMS 0x0000000086300000, 0x0000000086300000| Untracked 
|  82|0x0000000086400000, 0x0000000086400000, 0x0000000086500000|  0%| F|  |TAMS 0x0000000086400000, 0x0000000086400000| Untracked 
|  83|0x0000000086500000, 0x0000000086500000, 0x0000000086600000|  0%| F|  |TAMS 0x0000000086500000, 0x0000000086500000| Untracked 
|  84|0x0000000086600000, 0x0000000086600000, 0x0000000086700000|  0%| F|  |TAMS 0x0000000086600000, 0x0000000086600000| Untracked 
|  85|0x0000000086700000, 0x0000000086700000, 0x0000000086800000|  0%| F|  |TAMS 0x0000000086700000, 0x0000000086700000| Untracked 
|  86|0x0000000086800000, 0x0000000086800000, 0x0000000086900000|  0%| F|  |TAMS 0x0000000086800000, 0x0000000086800000| Untracked 
|  87|0x0000000086900000, 0x0000000086900000, 0x0000000086a00000|  0%| F|  |TAMS 0x0000000086900000, 0x0000000086900000| Untracked 
|  88|0x0000000086a00000, 0x0000000086a00000, 0x0000000086b00000|  0%| F|  |TAMS 0x0000000086a00000, 0x0000000086a00000| Untracked 
|  89|0x0000000086b00000, 0x0000000086b00000, 0x0000000086c00000|  0%| F|  |TAMS 0x0000000086b00000, 0x0000000086b00000| Untracked 
|  90|0x0000000086c00000, 0x0000000086c00000, 0x0000000086d00000|  0%| F|  |TAMS 0x0000000086c00000, 0x0000000086c00000| Untracked 
|  91|0x0000000086d00000, 0x0000000086d00000, 0x0000000086e00000|  0%| F|  |TAMS 0x0000000086d00000, 0x0000000086d00000| Untracked 
|  92|0x0000000086e00000, 0x0000000086e00000, 0x0000000086f00000|  0%| F|  |TAMS 0x0000000086e00000, 0x0000000086e00000| Untracked 
|  93|0x0000000086f00000, 0x0000000086f00000, 0x0000000087000000|  0%| F|  |TAMS 0x0000000086f00000, 0x0000000086f00000| Untracked 
|  94|0x0000000087000000, 0x0000000087000000, 0x0000000087100000|  0%| F|  |TAMS 0x0000000087000000, 0x0000000087000000| Untracked 
|  95|0x0000000087100000, 0x0000000087100000, 0x0000000087200000|  0%| F|  |TAMS 0x0000000087100000, 0x0000000087100000| Untracked 
|  96|0x0000000087200000, 0x0000000087200000, 0x0000000087300000|  0%| F|  |TAMS 0x0000000087200000, 0x0000000087200000| Untracked 
|  97|0x0000000087300000, 0x0000000087300000, 0x0000000087400000|  0%| F|  |TAMS 0x0000000087300000, 0x0000000087300000| Untracked 
|  98|0x0000000087400000, 0x0000000087400000, 0x0000000087500000|  0%| F|  |TAMS 0x0000000087400000, 0x0000000087400000| Untracked 
|  99|0x0000000087500000, 0x0000000087500000, 0x0000000087600000|  0%| F|  |TAMS 0x0000000087500000, 0x0000000087500000| Untracked 
| 100|0x0000000087600000, 0x0000000087600000, 0x0000000087700000|  0%| F|  |TAMS 0x0000000087600000, 0x0000000087600000| Untracked 
| 101|0x0000000087700000, 0x0000000087700000, 0x0000000087800000|  0%| F|  |TAMS 0x0000000087700000, 0x0000000087700000| Untracked 
| 102|0x0000000087800000, 0x0000000087800000, 0x0000000087900000|  0%| F|  |TAMS 0x0000000087800000, 0x0000000087800000| Untracked 
| 103|0x0000000087900000, 0x0000000087900000, 0x0000000087a00000|  0%| F|  |TAMS 0x0000000087900000, 0x0000000087900000| Untracked 
| 104|0x0000000087a00000, 0x0000000087a00000, 0x0000000087b00000|  0%| F|  |TAMS 0x0000000087a00000, 0x0000000087a00000| Untracked 
| 105|0x0000000087b00000, 0x0000000087b00000, 0x0000000087c00000|  0%| F|  |TAMS 0x0000000087b00000, 0x0000000087b00000| Untracked 
| 106|0x0000000087c00000, 0x0000000087c00000, 0x0000000087d00000|  0%| F|  |TAMS 0x0000000087c00000, 0x0000000087c00000| Untracked 
| 107|0x0000000087d00000, 0x0000000087d00000, 0x0000000087e00000|  0%| F|  |TAMS 0x0000000087d00000, 0x0000000087d00000| Untracked 
| 108|0x0000000087e00000, 0x0000000087e00000, 0x0000000087f00000|  0%| F|  |TAMS 0x0000000087e00000, 0x0000000087e00000| Untracked 
| 109|0x0000000087f00000, 0x0000000087f00000, 0x0000000088000000|  0%| F|  |TAMS 0x0000000087f00000, 0x0000000087f00000| Untracked 
| 110|0x0000000088000000, 0x0000000088000000, 0x0000000088100000|  0%| F|  |TAMS 0x0000000088000000, 0x0000000088000000| Untracked 
| 111|0x0000000088100000, 0x0000000088100000, 0x0000000088200000|  0%| F|  |TAMS 0x0000000088100000, 0x0000000088100000| Untracked 
| 112|0x0000000088200000, 0x0000000088200000, 0x0000000088300000|  0%| F|  |TAMS 0x0000000088200000, 0x0000000088200000| Untracked 
| 113|0x0000000088300000, 0x0000000088300000, 0x0000000088400000|  0%| F|  |TAMS 0x0000000088300000, 0x0000000088300000| Untracked 
| 114|0x0000000088400000, 0x0000000088400000, 0x0000000088500000|  0%| F|  |TAMS 0x0000000088400000, 0x0000000088400000| Untracked 
| 115|0x0000000088500000, 0x0000000088500000, 0x0000000088600000|  0%| F|  |TAMS 0x0000000088500000, 0x0000000088500000| Untracked 
| 116|0x0000000088600000, 0x0000000088600000, 0x0000000088700000|  0%| F|  |TAMS 0x0000000088600000, 0x0000000088600000| Untracked 
| 117|0x0000000088700000, 0x0000000088700000, 0x0000000088800000|  0%| F|  |TAMS 0x0000000088700000, 0x0000000088700000| Untracked 
| 118|0x0000000088800000, 0x0000000088800000, 0x0000000088900000|  0%| F|  |TAMS 0x0000000088800000, 0x0000000088800000| Untracked 
| 119|0x0000000088900000, 0x0000000088900000, 0x0000000088a00000|  0%| F|  |TAMS 0x0000000088900000, 0x0000000088900000| Untracked 
| 120|0x0000000088a00000, 0x0000000088a00000, 0x0000000088b00000|  0%| F|  |TAMS 0x0000000088a00000, 0x0000000088a00000| Untracked 
| 121|0x0000000088b00000, 0x0000000088b00000, 0x0000000088c00000|  0%| F|  |TAMS 0x0000000088b00000, 0x0000000088b00000| Untracked 
| 122|0x0000000088c00000, 0x0000000088c00000, 0x0000000088d00000|  0%| F|  |TAMS 0x0000000088c00000, 0x0000000088c00000| Untracked 
| 123|0x0000000088d00000, 0x0000000088e00000, 0x0000000088e00000|100%| E|  |TAMS 0x0000000088d00000, 0x0000000088d00000| Complete 
| 124|0x0000000088e00000, 0x0000000088f00000, 0x0000000088f00000|100%| E|CS|TAMS 0x0000000088e00000, 0x0000000088e00000| Complete 
| 125|0x0000000088f00000, 0x0000000089000000, 0x0000000089000000|100%| E|CS|TAMS 0x0000000088f00000, 0x0000000088f00000| Complete 
| 126|0x0000000089000000, 0x0000000089100000, 0x0000000089100000|100%| E|CS|TAMS 0x0000000089000000, 0x0000000089000000| Complete 
| 127|0x0000000089100000, 0x0000000089200000, 0x0000000089200000|100%| E|CS|TAMS 0x0000000089100000, 0x0000000089100000| Complete 

Card table byte_map: [0x000002dd5c4c0000,0x000002dd5c8c0000] _byte_map_base: 0x000002dd5c0b7000

Marking Bits (Prev, Next): (CMBitMap*) 0x000002dd4495c368, (CMBitMap*) 0x000002dd4495c3a8
 Prev Bits: [0x000002dd5ccc0000, 0x000002dd5ec78000)
 Next Bits: [0x000002dd5ec80000, 0x000002dd60c38000)

Polling page: 0x000002dd428b0000

Metaspace:

Usage:
  Non-class:      6.17 MB capacity,     6.06 MB ( 98%) used,    90.30 KB (  1%) free+waste,    19.63 KB ( <1%) overhead. 
      Class:    976.00 KB capacity,   832.45 KB ( 85%) used,   130.05 KB ( 13%) free+waste,    13.50 KB (  1%) overhead. 
       Both:      7.12 MB capacity,     6.87 MB ( 97%) used,   220.36 KB (  3%) free+waste,    33.13 KB ( <1%) overhead. 

Virtual space:
  Non-class space:        8.00 MB reserved,       6.25 MB ( 78%) committed 
      Class space:        1.00 GB reserved,       1.00 MB ( <1%) committed 
             Both:        1.01 GB reserved,       7.25 MB ( <1%) committed 

Chunk freelists:
   Non-Class:  22.00 KB
       Class:  16.00 KB
        Both:  38.00 KB

MaxMetaspaceSize: 17179869184.00 GB
CompressedClassSpaceSize: 1.00 GB

CodeHeap 'non-profiled nmethods': size=120000Kb used=170Kb max_used=170Kb free=119829Kb
 bounds [0x000002dd54b90000, 0x000002dd54e00000, 0x000002dd5c0c0000]
CodeHeap 'profiled nmethods': size=120000Kb used=957Kb max_used=957Kb free=119042Kb
 bounds [0x000002dd4d660000, 0x000002dd4d8d0000, 0x000002dd54b90000]
CodeHeap 'non-nmethods': size=5760Kb used=1241Kb max_used=1256Kb free=4518Kb
 bounds [0x000002dd4d0c0000, 0x000002dd4d330000, 0x000002dd4d660000]
 total_blobs=1480 nmethods=599 adapters=432
 compilation: enabled
              stopped_count=0, restarted_count=0
 full_count=0

Compilation events (20 events):
Event: 0.387 Thread 0x000002dd63164000 nmethod 587 0x000002dd4d749790 code [0x000002dd4d749960, 0x000002dd4d749ec8]
Event: 0.387 Thread 0x000002dd63164000  588       3       java.util.ArrayList$Itr::next (66 bytes)
Event: 0.387 Thread 0x000002dd63164000 nmethod 588 0x000002dd4d74a090 code [0x000002dd4d74a280, 0x000002dd4d74a668]
Event: 0.387 Thread 0x000002dd63164000  589       3       java.util.ArrayList$Itr::checkForComodification (23 bytes)
Event: 0.388 Thread 0x000002dd63164000 nmethod 589 0x000002dd4d74a890 code [0x000002dd4d74aa40, 0x000002dd4d74ac28]
Event: 0.388 Thread 0x000002dd63164000  590       3       java.lang.invoke.LambdaForm$Name::internArguments (59 bytes)
Event: 0.388 Thread 0x000002dd63164000 nmethod 590 0x000002dd4d74ad10 code [0x000002dd4d74af00, 0x000002dd4d74b648]
Event: 0.388 Thread 0x000002dd63164000  591       3       java.lang.invoke.LambdaFormBuffer::changeName (149 bytes)
Event: 0.389 Thread 0x000002dd63162000  593       4       jdk.internal.org.objectweb.asm.Symbol::<init> (38 bytes)
Event: 0.389 Thread 0x000002dd63164000 nmethod 591 0x000002dd4d74b810 code [0x000002dd4d74b9e0, 0x000002dd4d74bf48]
Event: 0.389 Thread 0x000002dd63164000  592       3       java.lang.invoke.LambdaFormBuffer::ownedCount (7 bytes)
Event: 0.389 Thread 0x000002dd63164000 nmethod 592 0x000002dd4d74c110 code [0x000002dd4d74c2a0, 0x000002dd4d74c3b8]
Event: 0.389 Thread 0x000002dd63164000  595       3       jdk.internal.org.objectweb.asm.MethodWriter::visitTypeInsn (116 bytes)
Event: 0.390 Thread 0x000002dd63164000 nmethod 595 0x000002dd4d74c490 code [0x000002dd4d74c680, 0x000002dd4d74ca88]
Event: 0.390 Thread 0x000002dd63164000  596       3       jdk.internal.org.objectweb.asm.MethodWriter::visitFieldInsn (258 bytes)
Event: 0.391 Thread 0x000002dd63164000 nmethod 596 0x000002dd4d74cc90 code [0x000002dd4d74cf00, 0x000002dd4d74dac8]
Event: 0.392 Thread 0x000002dd63164000  597       3       java.lang.invoke.InvokerBytecodeGenerator::emitReferenceCast (192 bytes)
Event: 0.393 Thread 0x000002dd63162000 nmethod 593 0x000002dd54bb9990 code [0x000002dd54bb9b00, 0x000002dd54bb9e38]
Event: 0.393 Thread 0x000002dd63162000  594       4       jdk.internal.org.objectweb.asm.SymbolTable::put (150 bytes)
Event: 0.393 Thread 0x000002dd63164000 nmethod 597 0x000002dd4d74df10 code [0x000002dd4d74e1e0, 0x000002dd4d74f168]

GC Heap History (0 events):
No events

Deoptimization events (8 events):
Event: 0.319 Thread 0x000002dd4491a800 Uncommon trap: trap_request=0xffffff45 fr.pc=0x000002dd54b9e5ac relative=0x000000000000018c
Event: 0.319 Thread 0x000002dd4491a800 Uncommon trap: reason=unstable_if action=reinterpret pc=0x000002dd54b9e5ac method=java.lang.String.equals(Ljava/lang/Object;)Z @ 33 c2
Event: 0.319 Thread 0x000002dd4491a800 DEOPT PACKING pc=0x000002dd54b9e5ac sp=0x000000f890ffee10
Event: 0.319 Thread 0x000002dd4491a800 DEOPT UNPACKING pc=0x000002dd4d10912f sp=0x000000f890ffedb0 mode 2
Event: 0.325 Thread 0x000002dd63d62800 Uncommon trap: trap_request=0xffffff45 fr.pc=0x000002dd54bade80 relative=0x00000000000009a0
Event: 0.325 Thread 0x000002dd63d62800 Uncommon trap: reason=unstable_if action=reinterpret pc=0x000002dd54bade80 method=java.util.HashMap.putVal(ILjava/lang/Object;Ljava/lang/Object;ZZ)Ljava/lang/Object; @ 181 c2
Event: 0.325 Thread 0x000002dd63d62800 DEOPT PACKING pc=0x000002dd54bade80 sp=0x000000f8923fe0e0
Event: 0.325 Thread 0x000002dd63d62800 DEOPT UNPACKING pc=0x000002dd4d10912f sp=0x000000f8923fe080 mode 2

Classes unloaded (0 events):
No events

Classes redefined (0 events):
No events

Internal exceptions (18 events):
Event: 0.089 Thread 0x000002dd4491a800 Exception <a 'java/lang/NoSuchMethodError'{0x00000000891cb4d0}: 'int java.lang.invoke.DirectMethodHandle$Holder.invokeSpecial(java.lang.Object, java.lang.Object, java.lang.Object, java.lang.Object)'> (0x00000000891cb4d0) 
thrown [t:/workspace/open/src/hotspot/share/interpreter/linkResolver.cpp, line 766]
Event: 0.092 Thread 0x000002dd4491a800 Exception <a 'java/lang/NoSuchMethodError'{0x0000000089007410}: 'void java.lang.invoke.DirectMethodHandle$Holder.invokeVirtual(java.lang.Object, java.lang.Object)'> (0x0000000089007410) 
thrown [t:/workspace/open/src/hotspot/share/interpreter/linkResolver.cpp, line 766]
Event: 0.102 Thread 0x000002dd4491a800 Exception <a 'java/lang/NoSuchMethodError'{0x000000008902cc68}: 'void java.lang.invoke.DirectMethodHandle$Holder.invokeSpecial(java.lang.Object, java.lang.Object, java.lang.Object, java.lang.Object)'> (0x000000008902cc68) 
thrown [t:/workspace/open/src/hotspot/share/interpreter/linkResolver.cpp, line 766]
Event: 0.135 Thread 0x000002dd4491a800 Exception <a 'sun/nio/fs/WindowsException'{0x00000000890b6c70}> (0x00000000890b6c70) 
thrown [t:/workspace/open/src/hotspot/share/prims/jni.cpp, line 599]
Event: 0.139 Thread 0x000002dd4491a800 Exception <a 'java/lang/ClassNotFoundException'{0x00000000890bca28}: sun/awt/resources/spi/awtProvider> (0x00000000890bca28) 
thrown [t:/workspace/open/src/hotspot/share/classfile/systemDictionary.cpp, line 226]
Event: 0.163 Thread 0x000002dd4491a800 Exception <a 'java/io/FileNotFoundException'{0x0000000088f0be48}> (0x0000000088f0be48) 
thrown [t:/workspace/open/src/hotspot/share/prims/jni.cpp, line 599]
Event: 0.174 Thread 0x000002dd4491a800 Exception <a 'java/io/FileNotFoundException'{0x0000000088f32408}> (0x0000000088f32408) 
thrown [t:/workspace/open/src/hotspot/share/prims/jni.cpp, line 599]
Event: 0.220 Thread 0x000002dd63d62800 Exception <a 'java/lang/NoSuchMethodError'{0x0000000088fccfa8}: 'void java.lang.invoke.DirectMethodHandle$Holder.invokeSpecial(java.lang.Object, java.lang.Object)'> (0x0000000088fccfa8) 
thrown [t:/workspace/open/src/hotspot/share/interpreter/linkResolver.cpp, line 766]
Event: 0.256 Thread 0x000002dd4491a800 Exception <a 'java/lang/NoSuchMethodError'{0x0000000088e25d58}: 'java.lang.Object java.lang.invoke.DirectMethodHandle$Holder.invokeStatic(java.lang.Object, int, java.lang.Object, java.lang.Object, java.lang.Object, java.lang.Object)'> (0x0000000088e25d58) 
thrown [t:/workspace/open/src/hotspot/share/interpreter/linkResolver.cpp, line 766]
Event: 0.256 Thread 0x000002dd4491a800 Exception <a 'java/lang/NoSuchMethodError'{0x0000000088e2c678}: 'java.lang.Object java.lang.invoke.DirectMethodHandle$Holder.invokeStatic(java.lang.Object, int, java.lang.Object, java.lang.Object, java.lang.Object)'> (0x0000000088e2c678) 
thrown [t:/workspace/open/src/hotspot/share/interpreter/linkResolver.cpp, line 766]
Event: 0.257 Thread 0x000002dd4491a800 Exception <a 'java/lang/NoSuchMethodError'{0x0000000088e2fec8}: 'java.lang.Object java.lang.invoke.DirectMethodHandle$Holder.invokeSpecial(java.lang.Object, java.lang.Object, int, java.lang.Object, java.lang.Object, java.lang.Object)'> (0x0000000088e2fec8) 
thrown [t:/workspace/open/src/hotspot/share/interpreter/linkResolver.cpp, line 766]
Event: 0.260 Thread 0x000002dd4491a800 Exception <a 'java/lang/NoSuchMethodError'{0x0000000088e46568}: 'java.lang.Object java.lang.invoke.DirectMethodHandle$Holder.invokeStatic(java.lang.Object, int, java.lang.Object)'> (0x0000000088e46568) 
thrown [t:/workspace/open/src/hotspot/share/interpreter/linkResolver.cpp, line 766]
Event: 0.283 Thread 0x000002dd4491a800 Exception <a 'java/lang/ClassNotFoundException'{0x0000000088eea3f8}: com/sun/swing/internal/plaf/metal/resources/spi/metalProvider> (0x0000000088eea3f8) 
thrown [t:/workspace/open/src/hotspot/share/classfile/systemDictionary.cpp, line 226]
Event: 0.284 Thread 0x000002dd4491a800 Exception <a 'java/lang/ClassNotFoundException'{0x0000000088eef088}: com/sun/swing/internal/plaf/basic/resources/spi/basicProvider> (0x0000000088eef088) 
thrown [t:/workspace/open/src/hotspot/share/classfile/systemDictionary.cpp, line 226]
Event: 0.346 Thread 0x000002dd4491a800 Exception <a 'java/lang/NoSuchMethodError'{0x0000000088d9c6f0}: 'void java.lang.invoke.DirectMethodHandle$Holder.invokeStaticInit(java.lang.Object)'> (0x0000000088d9c6f0) 
thrown [t:/workspace/open/src/hotspot/share/interpreter/linkResolver.cpp, line 766]
Event: 0.360 Thread 0x000002dd4491a800 Exception <a 'java/io/FileNotFoundException'{0x0000000088da8f60}> (0x0000000088da8f60) 
thrown [t:/workspace/open/src/hotspot/share/prims/jni.cpp, line 599]
Event: 0.360 Thread 0x000002dd4491a800 Exception <a 'java/lang/NullPointerException'{0x0000000088da9850}> (0x0000000088da9850) 
thrown [t:/workspace/open/src/hotspot/share/interpreter/linkResolver.cpp, line 1348]
Event: 0.394 Thread 0x000002dd4491a800 Exception <a 'java/lang/NoSuchMethodError'{0x0000000088df8128}: 'java.lang.Object java.lang.invoke.Invokers$Holder.linkToTargetMethod(java.lang.Object, int, java.lang.Object)'> (0x0000000088df8128) 
thrown [t:/workspace/open/src/hotspot/share/interpreter/linkResolver.cpp, line 766]

Events (20 events):
Event: 0.382 loading class sun/awt/FontConfiguration$2
Event: 0.382 loading class sun/awt/FontConfiguration$2 done
Event: 0.382 loading class sun/awt/windows/WDefaultFontCharset
Event: 0.382 loading class sun/awt/AWTCharset
Event: 0.382 loading class sun/awt/AWTCharset done
Event: 0.382 loading class sun/awt/windows/WDefaultFontCharset done
Event: 0.383 loading class sun/awt/windows/WDefaultFontCharset$Encoder
Event: 0.383 loading class sun/awt/AWTCharset$Encoder
Event: 0.383 loading class sun/awt/AWTCharset$Encoder done
Event: 0.383 loading class sun/awt/windows/WDefaultFontCharset$Encoder done
Event: 0.384 loading class java/io/ByteArrayOutputStream
Event: 0.384 loading class java/io/ByteArrayOutputStream done
Event: 0.385 loading class sun/awt/windows/WingDings
Event: 0.385 loading class sun/awt/windows/WingDings done
Event: 0.385 loading class sun/awt/windows/WingDings$Encoder
Event: 0.385 loading class sun/awt/windows/WingDings$Encoder done
Event: 0.385 loading class sun/awt/Symbol
Event: 0.385 loading class sun/awt/Symbol done
Event: 0.385 loading class sun/awt/Symbol$Encoder
Event: 0.385 loading class sun/awt/Symbol$Encoder done


Dynamic libraries:
0x00007ff66a430000 - 0x00007ff66a43f000 	C:\Program Files\Java\jdk-14\bin\javaw.exe
0x00007ffed0ce0000 - 0x00007ffed0ed0000 	C:\Windows\SYSTEM32\ntdll.dll
0x00007ffecf580000 - 0x00007ffecf632000 	C:\Windows\System32\KERNEL32.DLL
0x00007ffecdd80000 - 0x00007ffece025000 	C:\Windows\System32\KERNELBASE.dll
0x00007ffecdc80000 - 0x00007ffecdd7a000 	C:\Windows\System32\ucrtbase.dll
0x00007ffebd030000 - 0x00007ffebd045000 	C:\Program Files\Java\jdk-14\bin\VCRUNTIME140.dll
0x00007ffec7010000 - 0x00007ffec7028000 	C:\Program Files\Java\jdk-14\bin\jli.dll
0x00007ffecefa0000 - 0x00007ffecf043000 	C:\Windows\System32\ADVAPI32.dll
0x00007ffeced90000 - 0x00007ffecee2e000 	C:\Windows\System32\msvcrt.dll
0x00007ffecf4d0000 - 0x00007ffecf567000 	C:\Windows\System32\sechost.dll
0x00007ffecf780000 - 0x00007ffecf8a0000 	C:\Windows\System32\RPCRT4.dll
0x00007ffecf2d0000 - 0x00007ffecf464000 	C:\Windows\System32\USER32.dll
0x00007ffebea40000 - 0x00007ffebecc4000 	C:\Windows\WinSxS\amd64_microsoft.windows.common-controls_6595b64144ccf1df_6.0.18362.1256_none_9e7e379be45e40e2\COMCTL32.dll
0x00007ffeceae0000 - 0x00007ffeceb01000 	C:\Windows\System32\win32u.dll
0x00007ffecf6f0000 - 0x00007ffecf716000 	C:\Windows\System32\GDI32.dll
0x00007ffed0880000 - 0x00007ffed0bb6000 	C:\Windows\System32\combase.dll
0x00007ffecebf0000 - 0x00007ffeced86000 	C:\Windows\System32\gdi32full.dll
0x00007ffeceb10000 - 0x00007ffeceb91000 	C:\Windows\System32\bcryptPrimitives.dll
0x00007ffece290000 - 0x00007ffece32e000 	C:\Windows\System32\msvcp_win.dll
0x00007ffec4200000 - 0x00007ffec420a000 	C:\Windows\SYSTEM32\VERSION.dll
0x00007ffecf140000 - 0x00007ffecf16e000 	C:\Windows\System32\IMM32.DLL
0x00007ffeab850000 - 0x00007ffeab8eb000 	C:\Program Files\Java\jdk-14\bin\msvcp140.dll
0x00007ffe9d800000 - 0x00007ffe9e31f000 	C:\Program Files\Java\jdk-14\bin\server\jvm.dll
0x00007ffecee30000 - 0x00007ffecee38000 	C:\Windows\System32\PSAPI.DLL
0x00007ffec7080000 - 0x00007ffec7089000 	C:\Windows\SYSTEM32\WSOCK32.dll
0x00007ffeca5a0000 - 0x00007ffeca5c4000 	C:\Windows\SYSTEM32\WINMM.dll
0x00007ffecf260000 - 0x00007ffecf2cf000 	C:\Windows\System32\WS2_32.dll
0x00007ffeca570000 - 0x00007ffeca59d000 	C:\Windows\SYSTEM32\WINMMBASE.dll
0x00007ffeceba0000 - 0x00007ffecebea000 	C:\Windows\System32\cfgmgr32.dll
0x00007ffecdbb0000 - 0x00007ffecdbc1000 	C:\Windows\System32\kernel.appcore.dll
0x00007ffec7070000 - 0x00007ffec707a000 	C:\Program Files\Java\jdk-14\bin\jimage.dll
0x00007ffebbcd0000 - 0x00007ffebbec4000 	C:\Windows\SYSTEM32\DBGHELP.DLL
0x00007ffebb990000 - 0x00007ffebb9ba000 	C:\Windows\SYSTEM32\dbgcore.DLL
0x00007ffec7030000 - 0x00007ffec7055000 	C:\Program Files\Java\jdk-14\bin\java.dll
0x00007ffec6ff0000 - 0x00007ffec7007000 	C:\Program Files\Java\jdk-14\bin\zip.dll
0x00007ffed0190000 - 0x00007ffed0877000 	C:\Windows\System32\SHELL32.dll
0x00007ffecf640000 - 0x00007ffecf6e9000 	C:\Windows\System32\shcore.dll
0x00007ffece330000 - 0x00007ffeceab1000 	C:\Windows\System32\windows.storage.dll
0x00007ffecdbd0000 - 0x00007ffecdbf3000 	C:\Windows\System32\profapi.dll
0x00007ffecdc00000 - 0x00007ffecdc4a000 	C:\Windows\System32\powrprof.dll
0x00007ffecdb80000 - 0x00007ffecdb90000 	C:\Windows\System32\UMPDC.dll
0x00007ffecfe40000 - 0x00007ffecfe92000 	C:\Windows\System32\shlwapi.dll
0x00007ffeceac0000 - 0x00007ffecead7000 	C:\Windows\System32\cryptsp.dll
0x00007ffec6fd0000 - 0x00007ffec6fe9000 	C:\Program Files\Java\jdk-14\bin\net.dll
0x00007ffec0540000 - 0x00007ffec0630000 	C:\Windows\SYSTEM32\WINHTTP.dll
0x00007ffecd3d0000 - 0x00007ffecd437000 	C:\Windows\system32\mswsock.dll
0x00007ffec6fb0000 - 0x00007ffec6fc2000 	C:\Program Files\Java\jdk-14\bin\nio.dll
0x00007ffea2f20000 - 0x00007ffea30b8000 	C:\Program Files\Java\jdk-14\bin\awt.dll
0x00007ffed0bd0000 - 0x00007ffed0c95000 	C:\Windows\System32\OLEAUT32.dll
0x00007ffecbce0000 - 0x00007ffecbd6f000 	C:\Windows\SYSTEM32\apphelp.dll
0x00007ffecc2f0000 - 0x00007ffecc31d000 	C:\Windows\system32\DWMAPI.DLL
0x00007ffecbe70000 - 0x00007ffecbf09000 	C:\Windows\system32\uxtheme.dll
0x00007ffeb5330000 - 0x00007ffeb5486000 	C:\Windows\system32\opengl32.dll
0x00007ffebdaa0000 - 0x00007ffebdacc000 	C:\Windows\SYSTEM32\GLU32.dll
0x00007ffecc7c0000 - 0x00007ffecc7e0000 	C:\Windows\SYSTEM32\dxcore.dll
0x00007ffed0050000 - 0x00007ffed0185000 	C:\Windows\System32\MSCTF.dll
0x00007ffecee40000 - 0x00007ffecef97000 	C:\Windows\System32\ole32.dll
0x00007ffebf990000 - 0x00007ffebfa12000 	C:\Program Files\Java\jdk-14\bin\freetype.dll
0x00007ffeab900000 - 0x00007ffeab9a6000 	C:\Program Files\Java\jdk-14\bin\fontmanager.dll

dbghelp: loaded successfully - version: 4.0.5 - missing functions: none
symbol engine: initialized successfully - sym options: 0x614 - pdb path: .;C:\Program Files\Java\jdk-14\bin;C:\Windows\SYSTEM32;C:\Windows\WinSxS\amd64_microsoft.windows.common-controls_6595b64144ccf1df_6.0.18362.1256_none_9e7e379be45e40e2;C:\Program Files\Java\jdk-14\bin\server

VM Arguments:
jvm_args: -Dfile.encoding=UTF-8 --module-path=C:\Users\user\eclipse-workspace\Dentaku\bin -Djdk.module.main=dentaku 
java_command: dentaku/dentaku.Starter
java_class_path (initial): <not set>
Launcher Type: SUN_STANDARD

[Global flags]
     intx CICompilerCount                          = 3                                         {product} {ergonomic}
     uint ConcGCThreads                            = 1                                         {product} {ergonomic}
     uint G1ConcRefinementThreads                  = 4                                         {product} {ergonomic}
   size_t G1HeapRegionSize                         = 1048576                                   {product} {ergonomic}
    uintx GCDrainStackTargetSize                   = 64                                        {product} {ergonomic}
   size_t InitialHeapSize                          = 134217728                                 {product} {ergonomic}
   size_t MarkStackSize                            = 4194304                                   {product} {ergonomic}
   size_t MaxHeapSize                              = 2128609280                                {product} {ergonomic}
   size_t MaxNewSize                               = 1277165568                                {product} {ergonomic}
   size_t MinHeapDeltaBytes                        = 1048576                                   {product} {ergonomic}
   size_t MinHeapSize                              = 8388608                                   {product} {ergonomic}
    uintx NonNMethodCodeHeapSize                   = 5832780                                {pd product} {ergonomic}
    uintx NonProfiledCodeHeapSize                  = 122912730                              {pd product} {ergonomic}
    uintx ProfiledCodeHeapSize                     = 122912730                              {pd product} {ergonomic}
    uintx ReservedCodeCacheSize                    = 251658240                              {pd product} {ergonomic}
     bool SegmentedCodeCache                       = true                                      {product} {ergonomic}
   size_t SoftMaxHeapSize                          = 2128609280                             {manageable} {ergonomic}
     bool UseCompressedClassPointers               = true                                 {lp64_product} {ergonomic}
     bool UseCompressedOops                        = true                                 {lp64_product} {ergonomic}
     bool UseG1GC                                  = true                                      {product} {ergonomic}
     bool UseLargePagesIndividualAllocation        = false                                  {pd product} {ergonomic}

Logging:
Log output configuration:
 #0: stdout all=warning uptime,level,tags
 #1: stderr all=off uptime,level,tags

Environment Variables:
JAVA_HOME=C:Program Files\Java\jdk-14
PATH=C:/Program Files/Java/jdk-14/bin/server;C:/Program Files/Java/jdk-14/bin;C:\Windows\system32;C:\Windows;C:\Windows\System32\Wbem;C:\Windows\System32\WindowsPowerShell\v1.0\;C:\Windows\System32\OpenSSH\;";C:Program Files\Java\jdk-14\bin";C:\Users\user\eclipse\java-2020-03\eclipse\javafx-sdk-11.0.2;C:\Program Files\Java\jdk-14\bin;C:\Program Files\dotnet\;C:\Program Files\Microsoft SQL Server\130\Tools\Binn\;C:\Program Files\Microsoft SQL Server\Client SDK\ODBC\170\Tools\Binn\;C:\Program Files\Git\cmd;C:\Program Files\MySQL\MySQL Server 8.0\bin;C:\Program Files\nodejs\;C:\ProgramData\chocolatey\bin;C:\Users\user\.windows-build-tools\python27\;C:\Program Files\MySQL\MySQL Server 8.0\bin;C:\Users\user\AppData\Roaming\npm;C:\Users\user\AppData\Local\Programs\Microsoft VS Code\bin;C:\Users\user\eclipse\java-2020-03\eclipse;
USERNAME=user
OS=Windows_NT
PROCESSOR_IDENTIFIER=Intel64 Family 6 Model 69 Stepping 1, GenuineIntel



---------------  S Y S T E M  ---------------

OS: Windows 10 , 64 bit Build 18362 (10.0.18362.1110)
OS uptime: 6 days 3:20 hours

CPU:total 4 (initial active 4) (2 cores per cpu, 2 threads per core) family 6 model 69 stepping 1, cmov, cx8, fxsr, mmx, sse, sse2, sse3, ssse3, sse4.1, sse4.2, popcnt, avx, avx2, aes, clmul, erms, lzcnt, ht, tsc, tscinvbit, bmi1, bmi2, fma

Memory: 4k page, system-wide physical 8117M (2538M free)
TotalPageFile size 9397M (AvailPageFile size 2368M)
current process WorkingSet (physical memory assigned to process): 50M, peak: 50M
current process commit charge ("private bytes"): 212M, peak: 212M

vm_info: Java HotSpot(TM) 64-Bit Server VM (14+36-1461) for windows-amd64 JRE (14+36-1461), built on Feb  6 2020 19:08:04 by "mach5one" with MS VC++ 15.9 (VS2017)

END.
